#
# There is insufficient memory for the Java Runtime Environment to continue.
# Native memory allocation (malloc) failed to allocate 1770896 bytes. Error detail: Chunk::new
# Possible reasons:
#   The system is out of physical RAM or swap space
#   This process is running with CompressedOops enabled, and the Java Heap may be blocking the growth of the native heap
# Possible solutions:
#   Reduce memory load on the system
#   Increase physical memory or swap space
#   Check if swap backing store is full
#   Decrease Java heap size (-Xmx/-Xms)
#   Decrease number of Java threads
#   Decrease Java thread stack sizes (-Xss)
#   Set larger code cache with -XX:ReservedCodeCacheSize=
#   JVM is running with Unscaled Compressed Oops mode in which the Java heap is
#     placed in the first 4GB address space. The Java Heap base address is the
#     maximum limit for the native heap growth. Please use -XX:HeapBaseMinAddress
#     to set the Java Heap base and to place the Java Heap above 4GB virtual address.
# This output file may be truncated or incomplete.
#
#  Out of Memory Error (arena.cpp:150), pid=6968, tid=20204
#
# JRE version: Java(TM) SE Runtime Environment (22.0+36) (build 22+36-2370)
# Java VM: Java HotSpot(TM) 64-Bit Server VM (22+36-2370, mixed mode, sharing, tiered, compressed oops, compressed class ptrs, g1 gc, windows-amd64)
# No core dump will be written. Minidumps are not enabled by default on client versions of Windows
#

---------------  S U M M A R Y ------------

Command Line: --add-opens=java.base/java.lang=ALL-UNNAMED --add-opens=java.base/java.lang.invoke=ALL-UNNAMED --add-opens=java.base/java.util=ALL-UNNAMED --add-opens=java.prefs/java.util.prefs=ALL-UNNAMED --add-exports=jdk.compiler/com.sun.tools.javac.api=ALL-UNNAMED --add-exports=jdk.compiler/com.sun.tools.javac.util=ALL-UNNAMED --add-opens=java.base/java.util=ALL-UNNAMED --add-opens=java.prefs/java.util.prefs=ALL-UNNAMED --add-opens=java.base/java.nio.charset=ALL-UNNAMED --add-opens=java.base/java.net=ALL-UNNAMED --add-opens=java.base/java.util.concurrent.atomic=ALL-UNNAMED --add-opens=java.xml/javax.xml.namespace=ALL-UNNAMED -Xmx2048m -Dfile.encoding=UTF-8 -Duser.country=RU -Duser.language=ru -Duser.variant -javaagent:C:\Users\aleksandr\.gradle\wrapper\dists\gradle-8.11.1-bin\bpt9gzteqjrbo1mjrsomdt32c\gradle-8.11.1\lib\agents\gradle-instrumentation-agent-8.11.1.jar org.gradle.launcher.daemon.bootstrap.GradleDaemon 8.11.1

Host: 12th Gen Intel(R) Core(TM) i7-12700H, 20 cores, 15G,  Windows 11 , 64 bit Build 22621 (10.0.22621.5124)
Time: Tue Apr 22 23:54:20 2025  Windows 11 , 64 bit Build 22621 (10.0.22621.5124) elapsed time: 2.322554 seconds (0d 0h 0m 2s)

---------------  T H R E A D  ---------------

Current thread (0x000001b4a71a13b0):  JavaThread "C2 CompilerThread3" daemon [_thread_in_native, id=20204, stack(0x000000160e600000,0x000000160e700000) (1024K)]


Current CompileTask:
C2:2322 3109       4       java.net.URLClassLoader$1::run (5 bytes)

Stack: [0x000000160e600000,0x000000160e700000]
Native frames: (J=compiled Java code, j=interpreted, Vv=VM code, C=native code)
V  [jvm.dll+0x6e2349]  (no source info available)
V  [jvm.dll+0x874ed3]  (no source info available)
V  [jvm.dll+0x8772fe]  (no source info available)
V  [jvm.dll+0x8779d3]  (no source info available)
V  [jvm.dll+0x27fcb6]  (no source info available)
V  [jvm.dll+0xc3d0f]  (no source info available)
V  [jvm.dll+0xc3f6b]  (no source info available)
V  [jvm.dll+0x3bb022]  (no source info available)
V  [jvm.dll+0x387abb]  (no source info available)
V  [jvm.dll+0x386f2a]  (no source info available)
V  [jvm.dll+0x247908]  (no source info available)
V  [jvm.dll+0x246faf]  (no source info available)
V  [jvm.dll+0x1c4e90]  (no source info available)
V  [jvm.dll+0x25699e]  (no source info available)
V  [jvm.dll+0x254c5a]  (no source info available)
V  [jvm.dll+0x3f5426]  (no source info available)
V  [jvm.dll+0x81d50b]  (no source info available)
V  [jvm.dll+0x6e09e5]  (no source info available)
C  [ucrtbase.dll+0x29333]  (no source info available)
C  [KERNEL32.DLL+0x1259d]  (no source info available)
C  [ntdll.dll+0x5af38]  (no source info available)


---------------  P R O C E S S  ---------------

Threads class SMR info:
_java_thread_list=0x000001b4aae12a90, length=31, elements={
0x000001b441868570, 0x000001b46124b6b0, 0x000001b46124d720, 0x000001b4612503c0,
0x000001b461250f50, 0x000001b461251f00, 0x000001b461252960, 0x000001b461260860,
0x000001b461261670, 0x000001b4616d2af0, 0x000001b4616f79a0, 0x000001b46178ac10,
0x000001b46178ef50, 0x000001b461791620, 0x000001b4618e7210, 0x000001b46194fdb0,
0x000001b4a71a13b0, 0x000001b4a82fa930, 0x000001b4a8b29760, 0x000001b4a8d1b080,
0x000001b4a8950b70, 0x000001b4a8951200, 0x000001b4a89504e0, 0x000001b4a894fe50,
0x000001b4a894f7c0, 0x000001b4a894dd80, 0x000001b4a894e410, 0x000001b4a901c000,
0x000001b4a9017e60, 0x000001b4a9016420, 0x000001b4a90177d0
}

Java Threads: ( => current thread )
  0x000001b441868570 JavaThread "main"                              [_thread_blocked, id=13280, stack(0x000000160cf00000,0x000000160d000000) (1024K)]
  0x000001b46124b6b0 JavaThread "Reference Handler"          daemon [_thread_blocked, id=25320, stack(0x000000160d700000,0x000000160d800000) (1024K)]
  0x000001b46124d720 JavaThread "Finalizer"                  daemon [_thread_blocked, id=6420, stack(0x000000160d800000,0x000000160d900000) (1024K)]
  0x000001b4612503c0 JavaThread "Signal Dispatcher"          daemon [_thread_blocked, id=8760, stack(0x000000160d900000,0x000000160da00000) (1024K)]
  0x000001b461250f50 JavaThread "Attach Listener"            daemon [_thread_blocked, id=5348, stack(0x000000160da00000,0x000000160db00000) (1024K)]
  0x000001b461251f00 JavaThread "Service Thread"             daemon [_thread_blocked, id=24140, stack(0x000000160db00000,0x000000160dc00000) (1024K)]
  0x000001b461252960 JavaThread "Monitor Deflation Thread"   daemon [_thread_blocked, id=11016, stack(0x000000160dc00000,0x000000160dd00000) (1024K)]
  0x000001b461260860 JavaThread "C2 CompilerThread0"         daemon [_thread_blocked, id=22388, stack(0x000000160dd00000,0x000000160de00000) (1024K)]
  0x000001b461261670 JavaThread "C1 CompilerThread0"         daemon [_thread_blocked, id=15408, stack(0x000000160de00000,0x000000160df00000) (1024K)]
  0x000001b4616d2af0 JavaThread "C1 CompilerThread1"         daemon [_thread_blocked, id=4748, stack(0x000000160df00000,0x000000160e000000) (1024K)]
  0x000001b4616f79a0 JavaThread "C1 CompilerThread2"         daemon [_thread_blocked, id=2340, stack(0x000000160e000000,0x000000160e100000) (1024K)]
  0x000001b46178ac10 JavaThread "Common-Cleaner"             daemon [_thread_blocked, id=2540, stack(0x000000160e100000,0x000000160e200000) (1024K)]
  0x000001b46178ef50 JavaThread "C1 CompilerThread3"         daemon [_thread_blocked, id=16740, stack(0x000000160e200000,0x000000160e300000) (1024K)]
  0x000001b461791620 JavaThread "C2 CompilerThread1"         daemon [_thread_in_native, id=6888, stack(0x000000160e300000,0x000000160e400000) (1024K)]
  0x000001b4618e7210 JavaThread "Notification Thread"        daemon [_thread_blocked, id=10152, stack(0x000000160e400000,0x000000160e500000) (1024K)]
  0x000001b46194fdb0 JavaThread "C2 CompilerThread2"         daemon [_thread_blocked, id=22768, stack(0x000000160e500000,0x000000160e600000) (1024K)]
=>0x000001b4a71a13b0 JavaThread "C2 CompilerThread3"         daemon [_thread_in_native, id=20204, stack(0x000000160e600000,0x000000160e700000) (1024K)]
  0x000001b4a82fa930 JavaThread "Daemon health stats"               [_thread_blocked, id=23672, stack(0x000000160ef00000,0x000000160f000000) (1024K)]
  0x000001b4a8b29760 JavaThread "Incoming local TCP Connector on port 26015"        [_thread_in_native, id=22992, stack(0x000000160f000000,0x000000160f100000) (1024K)]
  0x000001b4a8d1b080 JavaThread "Daemon periodic checks"            [_thread_blocked, id=24580, stack(0x000000160f100000,0x000000160f200000) (1024K)]
  0x000001b4a8950b70 JavaThread "Daemon"                            [_thread_blocked, id=17268, stack(0x000000160f200000,0x000000160f300000) (1024K)]
  0x000001b4a8951200 JavaThread "Handler for socket connection from /127.0.0.1:26015 to /127.0.0.1:26016"        [_thread_in_native, id=3220, stack(0x000000160f300000,0x000000160f400000) (1024K)]
  0x000001b4a89504e0 JavaThread "Cancel handler"                    [_thread_blocked, id=7092, stack(0x000000160f400000,0x000000160f500000) (1024K)]
  0x000001b4a894fe50 JavaThread "Daemon worker"                     [_thread_in_Java, id=24208, stack(0x000000160f500000,0x000000160f600000) (1024K)]
  0x000001b4a894f7c0 JavaThread "Asynchronous log dispatcher for DefaultDaemonConnection: socket connection from /127.0.0.1:26015 to /127.0.0.1:26016"        [_thread_blocked, id=11864, stack(0x000000160f600000,0x000000160f700000) (1024K)]
  0x000001b4a894dd80 JavaThread "Stdin handler"                     [_thread_blocked, id=17452, stack(0x000000160f700000,0x000000160f800000) (1024K)]
  0x000001b4a894e410 JavaThread "Daemon client event forwarder"        [_thread_blocked, id=16868, stack(0x000000160f800000,0x000000160f900000) (1024K)]
  0x000001b4a901c000 JavaThread "Cache worker for journal cache (C:\Users\aleksandr\.gradle\caches\journal-1)"        [_thread_blocked, id=22752, stack(0x000000160f900000,0x000000160fa00000) (1024K)]
  0x000001b4a9017e60 JavaThread "File lock request listener"        [_thread_in_native, id=14396, stack(0x000000160fa00000,0x000000160fb00000) (1024K)]
  0x000001b4a9016420 JavaThread "Cache worker for file hash cache (C:\Users\aleksandr\.gradle\caches\8.11.1\fileHashes)"        [_thread_blocked, id=7992, stack(0x000000160fb00000,0x000000160fc00000) (1024K)]
  0x000001b4a90177d0 JavaThread "Cache worker for file content cache (C:\Users\aleksandr\.gradle\caches\8.11.1\fileContent)"        [_thread_blocked, id=24020, stack(0x000000160fc00000,0x000000160fd00000) (1024K)]
Total: 31

Other Threads:
  0x000001b46122f690 VMThread "VM Thread"                           [id=11404, stack(0x000000160d600000,0x000000160d700000) (1024K)]
  0x000001b461620bb0 WatcherThread "VM Periodic Task Thread"        [id=17088, stack(0x000000160d500000,0x000000160d600000) (1024K)]
  0x000001b44192e060 WorkerThread "GC Thread#0"                     [id=19280, stack(0x000000160d000000,0x000000160d100000) (1024K)]
  0x000001b46199bf60 WorkerThread "GC Thread#1"                     [id=21788, stack(0x000000160e700000,0x000000160e800000) (1024K)]
  0x000001b4a76e44f0 WorkerThread "GC Thread#2"                     [id=21900, stack(0x000000160e800000,0x000000160e900000) (1024K)]
  0x000001b4a76e48a0 WorkerThread "GC Thread#3"                     [id=8424, stack(0x000000160e900000,0x000000160ea00000) (1024K)]
  0x000001b4a743b370 WorkerThread "GC Thread#4"                     [id=24468, stack(0x000000160ea00000,0x000000160eb00000) (1024K)]
  0x000001b4a743b720 WorkerThread "GC Thread#5"                     [id=25560, stack(0x000000160eb00000,0x000000160ec00000) (1024K)]
  0x000001b4a8948940 WorkerThread "GC Thread#6"                     [id=21340, stack(0x000000160ec00000,0x000000160ed00000) (1024K)]
  0x000001b4a8948cf0 WorkerThread "GC Thread#7"                     [id=17028, stack(0x000000160ed00000,0x000000160ee00000) (1024K)]
  0x000001b4a89b5710 WorkerThread "GC Thread#8"                     [id=20896, stack(0x000000160ee00000,0x000000160ef00000) (1024K)]
  0x000001b443cfdae0 ConcurrentGCThread "G1 Main Marker"            [id=7880, stack(0x000000160d100000,0x000000160d200000) (1024K)]
  0x000001b443cfe400 WorkerThread "G1 Conc#0"                       [id=4744, stack(0x000000160d200000,0x000000160d300000) (1024K)]
  0x000001b46116f850 ConcurrentGCThread "G1 Refine#0"               [id=22716, stack(0x000000160d300000,0x000000160d400000) (1024K)]
  0x000001b4611703d0 ConcurrentGCThread "G1 Service"                [id=6036, stack(0x000000160d400000,0x000000160d500000) (1024K)]
Total: 15

Threads with active compile tasks:
C2 CompilerThread1  2379 3110   !   4       java.net.URLClassLoader$1::run (81 bytes)
C2 CompilerThread3  2379 3109       4       java.net.URLClassLoader$1::run (5 bytes)
Total: 2

VM state: not at safepoint (normal execution)

VM Mutex/Monitor currently owned by a thread: None

Heap address: 0x0000000080000000, size: 2048 MB, Compressed Oops mode: 32-bit

CDS archive(s) mapped at: [0x000001b462000000-0x000001b462c60000-0x000001b462c60000), size 12976128, SharedBaseAddress: 0x000001b462000000, ArchiveRelocationMode: 1.
Compressed class space mapped at: 0x000001b463000000-0x000001b4a3000000, reserved size: 1073741824
Narrow klass base: 0x000001b462000000, Narrow klass shift: 0, Narrow klass range: 0x41000000

GC Precious Log:
 CardTable entry size: 512
 Card Set container configuration: InlinePtr #cards 5 size 8 Array Of Cards #cards 12 size 40 Howl #buckets 4 coarsen threshold 1843 Howl Bitmap #cards 512 size 80 coarsen threshold 460 Card regions per heap region 1 cards per card region 2048
 CPUs: 20 total, 20 available
 Memory: 16108M
 Large Page Support: Disabled
 NUMA Support: Disabled
 Compressed Oops: Enabled (32-bit)
 Heap Region Size: 1M
 Heap Min Capacity: 8M
 Heap Initial Capacity: 252M
 Heap Max Capacity: 2G
 Pre-touch: Disabled
 Parallel Workers: 15
 Concurrent Workers: 4
 Concurrent Refinement Workers: 15
 Periodic GC: Disabled

Heap:
 garbage-first heap   total reserved 2097152K, committed 258048K, used 98219K [0x0000000080000000, 0x0000000100000000)
  region size 1024K, 86 young (88064K), 6 survivors (6144K)
 Metaspace       used 19868K, committed 20544K, reserved 1114112K
  class space    used 2912K, committed 3200K, reserved 1048576K

Heap Regions: E=young(eden), S=young(survivor), O=old, HS=humongous(starts), HC=humongous(continues), CS=collection set, F=free, TAMS=top-at-mark-start, PB=parsable bottom
|   0|0x0000000080000000, 0x0000000080100000, 0x0000000080100000|100%| O|  |TAMS 0x0000000080000000| PB 0x0000000080000000| Untracked |  0
|   1|0x0000000080100000, 0x0000000080200000, 0x0000000080200000|100%|HS|  |TAMS 0x0000000080100000| PB 0x0000000080100000| Complete |  0
|   2|0x0000000080200000, 0x0000000080300000, 0x0000000080300000|100%|HC|  |TAMS 0x0000000080200000| PB 0x0000000080200000| Complete |  0
|   3|0x0000000080300000, 0x0000000080400000, 0x0000000080400000|100%|HC|  |TAMS 0x0000000080300000| PB 0x0000000080300000| Complete |  0
|   4|0x0000000080400000, 0x0000000080500000, 0x0000000080500000|100%| O|  |TAMS 0x0000000080400000| PB 0x0000000080400000| Untracked |  0
|   5|0x0000000080500000, 0x0000000080600000, 0x0000000080600000|100%| O|  |TAMS 0x0000000080500000| PB 0x0000000080500000| Untracked |  0
|   6|0x0000000080600000, 0x0000000080700000, 0x0000000080700000|100%| O|  |TAMS 0x0000000080600000| PB 0x0000000080600000| Untracked |  0
|   7|0x0000000080700000, 0x0000000080800000, 0x0000000080800000|100%|HS|  |TAMS 0x0000000080700000| PB 0x0000000080700000| Complete |  0
|   8|0x0000000080800000, 0x0000000080800000, 0x0000000080900000|  0%| F|  |TAMS 0x0000000080800000| PB 0x0000000080800000| Untracked |  0
|   9|0x0000000080900000, 0x0000000080a00000, 0x0000000080a00000|100%| O|  |TAMS 0x0000000080900000| PB 0x0000000080900000| Untracked |  0
|  10|0x0000000080a00000, 0x0000000080b00000, 0x0000000080b00000|100%| O|  |TAMS 0x0000000080a00000| PB 0x0000000080a00000| Untracked |  0
|  11|0x0000000080b00000, 0x0000000080c00000, 0x0000000080c00000|100%| O|  |TAMS 0x0000000080b00000| PB 0x0000000080b00000| Untracked |  0
|  12|0x0000000080c00000, 0x0000000080ceac40, 0x0000000080d00000| 91%| O|  |TAMS 0x0000000080c00000| PB 0x0000000080c00000| Untracked |  0
|  13|0x0000000080d00000, 0x0000000080d00000, 0x0000000080e00000|  0%| F|  |TAMS 0x0000000080d00000| PB 0x0000000080d00000| Untracked |  0
|  14|0x0000000080e00000, 0x0000000080e00000, 0x0000000080f00000|  0%| F|  |TAMS 0x0000000080e00000| PB 0x0000000080e00000| Untracked |  0
|  15|0x0000000080f00000, 0x0000000080f00000, 0x0000000081000000|  0%| F|  |TAMS 0x0000000080f00000| PB 0x0000000080f00000| Untracked |  0
|  16|0x0000000081000000, 0x0000000081000000, 0x0000000081100000|  0%| F|  |TAMS 0x0000000081000000| PB 0x0000000081000000| Untracked |  0
|  17|0x0000000081100000, 0x0000000081100000, 0x0000000081200000|  0%| F|  |TAMS 0x0000000081100000| PB 0x0000000081100000| Untracked |  0
|  18|0x0000000081200000, 0x0000000081200000, 0x0000000081300000|  0%| F|  |TAMS 0x0000000081200000| PB 0x0000000081200000| Untracked |  0
|  19|0x0000000081300000, 0x0000000081300000, 0x0000000081400000|  0%| F|  |TAMS 0x0000000081300000| PB 0x0000000081300000| Untracked |  0
|  20|0x0000000081400000, 0x0000000081400000, 0x0000000081500000|  0%| F|  |TAMS 0x0000000081400000| PB 0x0000000081400000| Untracked |  0
|  21|0x0000000081500000, 0x0000000081500000, 0x0000000081600000|  0%| F|  |TAMS 0x0000000081500000| PB 0x0000000081500000| Untracked |  0
|  22|0x0000000081600000, 0x0000000081600000, 0x0000000081700000|  0%| F|  |TAMS 0x0000000081600000| PB 0x0000000081600000| Untracked |  0
|  23|0x0000000081700000, 0x0000000081700000, 0x0000000081800000|  0%| F|  |TAMS 0x0000000081700000| PB 0x0000000081700000| Untracked |  0
|  24|0x0000000081800000, 0x0000000081800000, 0x0000000081900000|  0%| F|  |TAMS 0x0000000081800000| PB 0x0000000081800000| Untracked |  0
|  25|0x0000000081900000, 0x0000000081900000, 0x0000000081a00000|  0%| F|  |TAMS 0x0000000081900000| PB 0x0000000081900000| Untracked |  0
|  26|0x0000000081a00000, 0x0000000081a00000, 0x0000000081b00000|  0%| F|  |TAMS 0x0000000081a00000| PB 0x0000000081a00000| Untracked |  0
|  27|0x0000000081b00000, 0x0000000081b00000, 0x0000000081c00000|  0%| F|  |TAMS 0x0000000081b00000| PB 0x0000000081b00000| Untracked |  0
|  28|0x0000000081c00000, 0x0000000081c00000, 0x0000000081d00000|  0%| F|  |TAMS 0x0000000081c00000| PB 0x0000000081c00000| Untracked |  0
|  29|0x0000000081d00000, 0x0000000081d00000, 0x0000000081e00000|  0%| F|  |TAMS 0x0000000081d00000| PB 0x0000000081d00000| Untracked |  0
|  30|0x0000000081e00000, 0x0000000081e00000, 0x0000000081f00000|  0%| F|  |TAMS 0x0000000081e00000| PB 0x0000000081e00000| Untracked |  0
|  31|0x0000000081f00000, 0x0000000081f00000, 0x0000000082000000|  0%| F|  |TAMS 0x0000000081f00000| PB 0x0000000081f00000| Untracked |  0
|  32|0x0000000082000000, 0x0000000082000000, 0x0000000082100000|  0%| F|  |TAMS 0x0000000082000000| PB 0x0000000082000000| Untracked |  0
|  33|0x0000000082100000, 0x0000000082100000, 0x0000000082200000|  0%| F|  |TAMS 0x0000000082100000| PB 0x0000000082100000| Untracked |  0
|  34|0x0000000082200000, 0x0000000082200000, 0x0000000082300000|  0%| F|  |TAMS 0x0000000082200000| PB 0x0000000082200000| Untracked |  0
|  35|0x0000000082300000, 0x0000000082300000, 0x0000000082400000|  0%| F|  |TAMS 0x0000000082300000| PB 0x0000000082300000| Untracked |  0
|  36|0x0000000082400000, 0x0000000082400000, 0x0000000082500000|  0%| F|  |TAMS 0x0000000082400000| PB 0x0000000082400000| Untracked |  0
|  37|0x0000000082500000, 0x0000000082500000, 0x0000000082600000|  0%| F|  |TAMS 0x0000000082500000| PB 0x0000000082500000| Untracked |  0
|  38|0x0000000082600000, 0x0000000082600000, 0x0000000082700000|  0%| F|  |TAMS 0x0000000082600000| PB 0x0000000082600000| Untracked |  0
|  39|0x0000000082700000, 0x0000000082700000, 0x0000000082800000|  0%| F|  |TAMS 0x0000000082700000| PB 0x0000000082700000| Untracked |  0
|  40|0x0000000082800000, 0x0000000082800000, 0x0000000082900000|  0%| F|  |TAMS 0x0000000082800000| PB 0x0000000082800000| Untracked |  0
|  41|0x0000000082900000, 0x0000000082900000, 0x0000000082a00000|  0%| F|  |TAMS 0x0000000082900000| PB 0x0000000082900000| Untracked |  0
|  42|0x0000000082a00000, 0x0000000082a00000, 0x0000000082b00000|  0%| F|  |TAMS 0x0000000082a00000| PB 0x0000000082a00000| Untracked |  0
|  43|0x0000000082b00000, 0x0000000082b00000, 0x0000000082c00000|  0%| F|  |TAMS 0x0000000082b00000| PB 0x0000000082b00000| Untracked |  0
|  44|0x0000000082c00000, 0x0000000082c00000, 0x0000000082d00000|  0%| F|  |TAMS 0x0000000082c00000| PB 0x0000000082c00000| Untracked |  0
|  45|0x0000000082d00000, 0x0000000082d00000, 0x0000000082e00000|  0%| F|  |TAMS 0x0000000082d00000| PB 0x0000000082d00000| Untracked |  0
|  46|0x0000000082e00000, 0x0000000082e00000, 0x0000000082f00000|  0%| F|  |TAMS 0x0000000082e00000| PB 0x0000000082e00000| Untracked |  0
|  47|0x0000000082f00000, 0x0000000082f00000, 0x0000000083000000|  0%| F|  |TAMS 0x0000000082f00000| PB 0x0000000082f00000| Untracked |  0
|  48|0x0000000083000000, 0x0000000083000000, 0x0000000083100000|  0%| F|  |TAMS 0x0000000083000000| PB 0x0000000083000000| Untracked |  0
|  49|0x0000000083100000, 0x0000000083100000, 0x0000000083200000|  0%| F|  |TAMS 0x0000000083100000| PB 0x0000000083100000| Untracked |  0
|  50|0x0000000083200000, 0x0000000083200000, 0x0000000083300000|  0%| F|  |TAMS 0x0000000083200000| PB 0x0000000083200000| Untracked |  0
|  51|0x0000000083300000, 0x0000000083300000, 0x0000000083400000|  0%| F|  |TAMS 0x0000000083300000| PB 0x0000000083300000| Untracked |  0
|  52|0x0000000083400000, 0x0000000083400000, 0x0000000083500000|  0%| F|  |TAMS 0x0000000083400000| PB 0x0000000083400000| Untracked |  0
|  53|0x0000000083500000, 0x0000000083500000, 0x0000000083600000|  0%| F|  |TAMS 0x0000000083500000| PB 0x0000000083500000| Untracked |  0
|  54|0x0000000083600000, 0x0000000083600000, 0x0000000083700000|  0%| F|  |TAMS 0x0000000083600000| PB 0x0000000083600000| Untracked |  0
|  55|0x0000000083700000, 0x0000000083700000, 0x0000000083800000|  0%| F|  |TAMS 0x0000000083700000| PB 0x0000000083700000| Untracked |  0
|  56|0x0000000083800000, 0x0000000083800000, 0x0000000083900000|  0%| F|  |TAMS 0x0000000083800000| PB 0x0000000083800000| Untracked |  0
|  57|0x0000000083900000, 0x0000000083900000, 0x0000000083a00000|  0%| F|  |TAMS 0x0000000083900000| PB 0x0000000083900000| Untracked |  0
|  58|0x0000000083a00000, 0x0000000083a00000, 0x0000000083b00000|  0%| F|  |TAMS 0x0000000083a00000| PB 0x0000000083a00000| Untracked |  0
|  59|0x0000000083b00000, 0x0000000083b00000, 0x0000000083c00000|  0%| F|  |TAMS 0x0000000083b00000| PB 0x0000000083b00000| Untracked |  0
|  60|0x0000000083c00000, 0x0000000083c00000, 0x0000000083d00000|  0%| F|  |TAMS 0x0000000083c00000| PB 0x0000000083c00000| Untracked |  0
|  61|0x0000000083d00000, 0x0000000083d00000, 0x0000000083e00000|  0%| F|  |TAMS 0x0000000083d00000| PB 0x0000000083d00000| Untracked |  0
|  62|0x0000000083e00000, 0x0000000083e00000, 0x0000000083f00000|  0%| F|  |TAMS 0x0000000083e00000| PB 0x0000000083e00000| Untracked |  0
|  63|0x0000000083f00000, 0x0000000083f00000, 0x0000000084000000|  0%| F|  |TAMS 0x0000000083f00000| PB 0x0000000083f00000| Untracked |  0
|  64|0x0000000084000000, 0x0000000084000000, 0x0000000084100000|  0%| F|  |TAMS 0x0000000084000000| PB 0x0000000084000000| Untracked |  0
|  65|0x0000000084100000, 0x0000000084100000, 0x0000000084200000|  0%| F|  |TAMS 0x0000000084100000| PB 0x0000000084100000| Untracked |  0
|  66|0x0000000084200000, 0x0000000084200000, 0x0000000084300000|  0%| F|  |TAMS 0x0000000084200000| PB 0x0000000084200000| Untracked |  0
|  67|0x0000000084300000, 0x0000000084300000, 0x0000000084400000|  0%| F|  |TAMS 0x0000000084300000| PB 0x0000000084300000| Untracked |  0
|  68|0x0000000084400000, 0x0000000084400000, 0x0000000084500000|  0%| F|  |TAMS 0x0000000084400000| PB 0x0000000084400000| Untracked |  0
|  69|0x0000000084500000, 0x0000000084500000, 0x0000000084600000|  0%| F|  |TAMS 0x0000000084500000| PB 0x0000000084500000| Untracked |  0
|  70|0x0000000084600000, 0x0000000084600000, 0x0000000084700000|  0%| F|  |TAMS 0x0000000084600000| PB 0x0000000084600000| Untracked |  0
|  71|0x0000000084700000, 0x0000000084700000, 0x0000000084800000|  0%| F|  |TAMS 0x0000000084700000| PB 0x0000000084700000| Untracked |  0
|  72|0x0000000084800000, 0x0000000084800000, 0x0000000084900000|  0%| F|  |TAMS 0x0000000084800000| PB 0x0000000084800000| Untracked |  0
|  73|0x0000000084900000, 0x0000000084900000, 0x0000000084a00000|  0%| F|  |TAMS 0x0000000084900000| PB 0x0000000084900000| Untracked |  0
|  74|0x0000000084a00000, 0x0000000084a00000, 0x0000000084b00000|  0%| F|  |TAMS 0x0000000084a00000| PB 0x0000000084a00000| Untracked |  0
|  75|0x0000000084b00000, 0x0000000084b00000, 0x0000000084c00000|  0%| F|  |TAMS 0x0000000084b00000| PB 0x0000000084b00000| Untracked |  0
|  76|0x0000000084c00000, 0x0000000084c00000, 0x0000000084d00000|  0%| F|  |TAMS 0x0000000084c00000| PB 0x0000000084c00000| Untracked |  0
|  77|0x0000000084d00000, 0x0000000084d00000, 0x0000000084e00000|  0%| F|  |TAMS 0x0000000084d00000| PB 0x0000000084d00000| Untracked |  0
|  78|0x0000000084e00000, 0x0000000084e00000, 0x0000000084f00000|  0%| F|  |TAMS 0x0000000084e00000| PB 0x0000000084e00000| Untracked |  0
|  79|0x0000000084f00000, 0x0000000084f00000, 0x0000000085000000|  0%| F|  |TAMS 0x0000000084f00000| PB 0x0000000084f00000| Untracked |  0
|  80|0x0000000085000000, 0x0000000085000000, 0x0000000085100000|  0%| F|  |TAMS 0x0000000085000000| PB 0x0000000085000000| Untracked |  0
|  81|0x0000000085100000, 0x0000000085100000, 0x0000000085200000|  0%| F|  |TAMS 0x0000000085100000| PB 0x0000000085100000| Untracked |  0
|  82|0x0000000085200000, 0x0000000085200000, 0x0000000085300000|  0%| F|  |TAMS 0x0000000085200000| PB 0x0000000085200000| Untracked |  0
|  83|0x0000000085300000, 0x0000000085300000, 0x0000000085400000|  0%| F|  |TAMS 0x0000000085300000| PB 0x0000000085300000| Untracked |  0
|  84|0x0000000085400000, 0x0000000085400000, 0x0000000085500000|  0%| F|  |TAMS 0x0000000085400000| PB 0x0000000085400000| Untracked |  0
|  85|0x0000000085500000, 0x0000000085500000, 0x0000000085600000|  0%| F|  |TAMS 0x0000000085500000| PB 0x0000000085500000| Untracked |  0
|  86|0x0000000085600000, 0x0000000085600000, 0x0000000085700000|  0%| F|  |TAMS 0x0000000085600000| PB 0x0000000085600000| Untracked |  0
|  87|0x0000000085700000, 0x0000000085700000, 0x0000000085800000|  0%| F|  |TAMS 0x0000000085700000| PB 0x0000000085700000| Untracked |  0
|  88|0x0000000085800000, 0x0000000085800000, 0x0000000085900000|  0%| F|  |TAMS 0x0000000085800000| PB 0x0000000085800000| Untracked |  0
|  89|0x0000000085900000, 0x0000000085900000, 0x0000000085a00000|  0%| F|  |TAMS 0x0000000085900000| PB 0x0000000085900000| Untracked |  0
|  90|0x0000000085a00000, 0x0000000085a00000, 0x0000000085b00000|  0%| F|  |TAMS 0x0000000085a00000| PB 0x0000000085a00000| Untracked |  0
|  91|0x0000000085b00000, 0x0000000085b00000, 0x0000000085c00000|  0%| F|  |TAMS 0x0000000085b00000| PB 0x0000000085b00000| Untracked |  0
|  92|0x0000000085c00000, 0x0000000085c00000, 0x0000000085d00000|  0%| F|  |TAMS 0x0000000085c00000| PB 0x0000000085c00000| Untracked |  0
|  93|0x0000000085d00000, 0x0000000085d00000, 0x0000000085e00000|  0%| F|  |TAMS 0x0000000085d00000| PB 0x0000000085d00000| Untracked |  0
|  94|0x0000000085e00000, 0x0000000085e00000, 0x0000000085f00000|  0%| F|  |TAMS 0x0000000085e00000| PB 0x0000000085e00000| Untracked |  0
|  95|0x0000000085f00000, 0x0000000085f00000, 0x0000000086000000|  0%| F|  |TAMS 0x0000000085f00000| PB 0x0000000085f00000| Untracked |  0
|  96|0x0000000086000000, 0x0000000086000000, 0x0000000086100000|  0%| F|  |TAMS 0x0000000086000000| PB 0x0000000086000000| Untracked |  0
|  97|0x0000000086100000, 0x0000000086100000, 0x0000000086200000|  0%| F|  |TAMS 0x0000000086100000| PB 0x0000000086100000| Untracked |  0
|  98|0x0000000086200000, 0x0000000086200000, 0x0000000086300000|  0%| F|  |TAMS 0x0000000086200000| PB 0x0000000086200000| Untracked |  0
|  99|0x0000000086300000, 0x0000000086300000, 0x0000000086400000|  0%| F|  |TAMS 0x0000000086300000| PB 0x0000000086300000| Untracked |  0
| 100|0x0000000086400000, 0x0000000086400000, 0x0000000086500000|  0%| F|  |TAMS 0x0000000086400000| PB 0x0000000086400000| Untracked |  0
| 101|0x0000000086500000, 0x0000000086500000, 0x0000000086600000|  0%| F|  |TAMS 0x0000000086500000| PB 0x0000000086500000| Untracked |  0
| 102|0x0000000086600000, 0x0000000086600000, 0x0000000086700000|  0%| F|  |TAMS 0x0000000086600000| PB 0x0000000086600000| Untracked |  0
| 103|0x0000000086700000, 0x0000000086700000, 0x0000000086800000|  0%| F|  |TAMS 0x0000000086700000| PB 0x0000000086700000| Untracked |  0
| 104|0x0000000086800000, 0x0000000086800000, 0x0000000086900000|  0%| F|  |TAMS 0x0000000086800000| PB 0x0000000086800000| Untracked |  0
| 105|0x0000000086900000, 0x0000000086900000, 0x0000000086a00000|  0%| F|  |TAMS 0x0000000086900000| PB 0x0000000086900000| Untracked |  0
| 106|0x0000000086a00000, 0x0000000086a00000, 0x0000000086b00000|  0%| F|  |TAMS 0x0000000086a00000| PB 0x0000000086a00000| Untracked |  0
| 107|0x0000000086b00000, 0x0000000086b00000, 0x0000000086c00000|  0%| F|  |TAMS 0x0000000086b00000| PB 0x0000000086b00000| Untracked |  0
| 108|0x0000000086c00000, 0x0000000086c00000, 0x0000000086d00000|  0%| F|  |TAMS 0x0000000086c00000| PB 0x0000000086c00000| Untracked |  0
| 109|0x0000000086d00000, 0x0000000086d00000, 0x0000000086e00000|  0%| F|  |TAMS 0x0000000086d00000| PB 0x0000000086d00000| Untracked |  0
| 110|0x0000000086e00000, 0x0000000086e00000, 0x0000000086f00000|  0%| F|  |TAMS 0x0000000086e00000| PB 0x0000000086e00000| Untracked |  0
| 111|0x0000000086f00000, 0x0000000086f00000, 0x0000000087000000|  0%| F|  |TAMS 0x0000000086f00000| PB 0x0000000086f00000| Untracked |  0
| 112|0x0000000087000000, 0x0000000087000000, 0x0000000087100000|  0%| F|  |TAMS 0x0000000087000000| PB 0x0000000087000000| Untracked |  0
| 113|0x0000000087100000, 0x0000000087100000, 0x0000000087200000|  0%| F|  |TAMS 0x0000000087100000| PB 0x0000000087100000| Untracked |  0
| 114|0x0000000087200000, 0x0000000087200000, 0x0000000087300000|  0%| F|  |TAMS 0x0000000087200000| PB 0x0000000087200000| Untracked |  0
| 115|0x0000000087300000, 0x0000000087300000, 0x0000000087400000|  0%| F|  |TAMS 0x0000000087300000| PB 0x0000000087300000| Untracked |  0
| 116|0x0000000087400000, 0x0000000087400000, 0x0000000087500000|  0%| F|  |TAMS 0x0000000087400000| PB 0x0000000087400000| Untracked |  0
| 117|0x0000000087500000, 0x0000000087500000, 0x0000000087600000|  0%| F|  |TAMS 0x0000000087500000| PB 0x0000000087500000| Untracked |  0
| 118|0x0000000087600000, 0x0000000087600000, 0x0000000087700000|  0%| F|  |TAMS 0x0000000087600000| PB 0x0000000087600000| Untracked |  0
| 119|0x0000000087700000, 0x0000000087700000, 0x0000000087800000|  0%| F|  |TAMS 0x0000000087700000| PB 0x0000000087700000| Untracked |  0
| 120|0x0000000087800000, 0x0000000087800000, 0x0000000087900000|  0%| F|  |TAMS 0x0000000087800000| PB 0x0000000087800000| Untracked |  0
| 121|0x0000000087900000, 0x0000000087900000, 0x0000000087a00000|  0%| F|  |TAMS 0x0000000087900000| PB 0x0000000087900000| Untracked |  0
| 122|0x0000000087a00000, 0x0000000087a00000, 0x0000000087b00000|  0%| F|  |TAMS 0x0000000087a00000| PB 0x0000000087a00000| Untracked |  0
| 123|0x0000000087b00000, 0x0000000087b00000, 0x0000000087c00000|  0%| F|  |TAMS 0x0000000087b00000| PB 0x0000000087b00000| Untracked |  0
| 124|0x0000000087c00000, 0x0000000087c00000, 0x0000000087d00000|  0%| F|  |TAMS 0x0000000087c00000| PB 0x0000000087c00000| Untracked |  0
| 125|0x0000000087d00000, 0x0000000087d00000, 0x0000000087e00000|  0%| F|  |TAMS 0x0000000087d00000| PB 0x0000000087d00000| Untracked |  0
| 126|0x0000000087e00000, 0x0000000087e00000, 0x0000000087f00000|  0%| F|  |TAMS 0x0000000087e00000| PB 0x0000000087e00000| Untracked |  0
| 127|0x0000000087f00000, 0x0000000087f00000, 0x0000000088000000|  0%| F|  |TAMS 0x0000000087f00000| PB 0x0000000087f00000| Untracked |  0
| 128|0x0000000088000000, 0x0000000088000000, 0x0000000088100000|  0%| F|  |TAMS 0x0000000088000000| PB 0x0000000088000000| Untracked |  0
| 129|0x0000000088100000, 0x0000000088100000, 0x0000000088200000|  0%| F|  |TAMS 0x0000000088100000| PB 0x0000000088100000| Untracked |  0
| 130|0x0000000088200000, 0x0000000088200000, 0x0000000088300000|  0%| F|  |TAMS 0x0000000088200000| PB 0x0000000088200000| Untracked |  0
| 131|0x0000000088300000, 0x0000000088300000, 0x0000000088400000|  0%| F|  |TAMS 0x0000000088300000| PB 0x0000000088300000| Untracked |  0
| 132|0x0000000088400000, 0x0000000088400000, 0x0000000088500000|  0%| F|  |TAMS 0x0000000088400000| PB 0x0000000088400000| Untracked |  0
| 133|0x0000000088500000, 0x0000000088500000, 0x0000000088600000|  0%| F|  |TAMS 0x0000000088500000| PB 0x0000000088500000| Untracked |  0
| 134|0x0000000088600000, 0x0000000088600000, 0x0000000088700000|  0%| F|  |TAMS 0x0000000088600000| PB 0x0000000088600000| Untracked |  0
| 135|0x0000000088700000, 0x0000000088700000, 0x0000000088800000|  0%| F|  |TAMS 0x0000000088700000| PB 0x0000000088700000| Untracked |  0
| 136|0x0000000088800000, 0x0000000088800000, 0x0000000088900000|  0%| F|  |TAMS 0x0000000088800000| PB 0x0000000088800000| Untracked |  0
| 137|0x0000000088900000, 0x0000000088900000, 0x0000000088a00000|  0%| F|  |TAMS 0x0000000088900000| PB 0x0000000088900000| Untracked |  0
| 138|0x0000000088a00000, 0x0000000088a00000, 0x0000000088b00000|  0%| F|  |TAMS 0x0000000088a00000| PB 0x0000000088a00000| Untracked |  0
| 139|0x0000000088b00000, 0x0000000088b00000, 0x0000000088c00000|  0%| F|  |TAMS 0x0000000088b00000| PB 0x0000000088b00000| Untracked |  0
| 140|0x0000000088c00000, 0x0000000088c00000, 0x0000000088d00000|  0%| F|  |TAMS 0x0000000088c00000| PB 0x0000000088c00000| Untracked |  0
| 141|0x0000000088d00000, 0x0000000088d00000, 0x0000000088e00000|  0%| F|  |TAMS 0x0000000088d00000| PB 0x0000000088d00000| Untracked |  0
| 142|0x0000000088e00000, 0x0000000088e00000, 0x0000000088f00000|  0%| F|  |TAMS 0x0000000088e00000| PB 0x0000000088e00000| Untracked |  0
| 143|0x0000000088f00000, 0x0000000088f00000, 0x0000000089000000|  0%| F|  |TAMS 0x0000000088f00000| PB 0x0000000088f00000| Untracked |  0
| 144|0x0000000089000000, 0x0000000089000000, 0x0000000089100000|  0%| F|  |TAMS 0x0000000089000000| PB 0x0000000089000000| Untracked |  0
| 145|0x0000000089100000, 0x0000000089100000, 0x0000000089200000|  0%| F|  |TAMS 0x0000000089100000| PB 0x0000000089100000| Untracked |  0
| 146|0x0000000089200000, 0x0000000089200000, 0x0000000089300000|  0%| F|  |TAMS 0x0000000089200000| PB 0x0000000089200000| Untracked |  0
| 147|0x0000000089300000, 0x0000000089300000, 0x0000000089400000|  0%| F|  |TAMS 0x0000000089300000| PB 0x0000000089300000| Untracked |  0
| 148|0x0000000089400000, 0x0000000089400000, 0x0000000089500000|  0%| F|  |TAMS 0x0000000089400000| PB 0x0000000089400000| Untracked |  0
| 149|0x0000000089500000, 0x0000000089500000, 0x0000000089600000|  0%| F|  |TAMS 0x0000000089500000| PB 0x0000000089500000| Untracked |  0
| 150|0x0000000089600000, 0x0000000089600000, 0x0000000089700000|  0%| F|  |TAMS 0x0000000089600000| PB 0x0000000089600000| Untracked |  0
| 151|0x0000000089700000, 0x0000000089700000, 0x0000000089800000|  0%| F|  |TAMS 0x0000000089700000| PB 0x0000000089700000| Untracked |  0
| 152|0x0000000089800000, 0x0000000089800000, 0x0000000089900000|  0%| F|  |TAMS 0x0000000089800000| PB 0x0000000089800000| Untracked |  0
| 153|0x0000000089900000, 0x0000000089900000, 0x0000000089a00000|  0%| F|  |TAMS 0x0000000089900000| PB 0x0000000089900000| Untracked |  0
| 154|0x0000000089a00000, 0x0000000089a00000, 0x0000000089b00000|  0%| F|  |TAMS 0x0000000089a00000| PB 0x0000000089a00000| Untracked |  0
| 155|0x0000000089b00000, 0x0000000089b00000, 0x0000000089c00000|  0%| F|  |TAMS 0x0000000089b00000| PB 0x0000000089b00000| Untracked |  0
| 156|0x0000000089c00000, 0x0000000089c00000, 0x0000000089d00000|  0%| F|  |TAMS 0x0000000089c00000| PB 0x0000000089c00000| Untracked |  0
| 157|0x0000000089d00000, 0x0000000089d00000, 0x0000000089e00000|  0%| F|  |TAMS 0x0000000089d00000| PB 0x0000000089d00000| Untracked |  0
| 158|0x0000000089e00000, 0x0000000089e00000, 0x0000000089f00000|  0%| F|  |TAMS 0x0000000089e00000| PB 0x0000000089e00000| Untracked |  0
| 159|0x0000000089f00000, 0x0000000089f00000, 0x000000008a000000|  0%| F|  |TAMS 0x0000000089f00000| PB 0x0000000089f00000| Untracked |  0
| 160|0x000000008a000000, 0x000000008a000000, 0x000000008a100000|  0%| F|  |TAMS 0x000000008a000000| PB 0x000000008a000000| Untracked |  0
| 161|0x000000008a100000, 0x000000008a100000, 0x000000008a200000|  0%| F|  |TAMS 0x000000008a100000| PB 0x000000008a100000| Untracked |  0
| 162|0x000000008a200000, 0x000000008a200000, 0x000000008a300000|  0%| F|  |TAMS 0x000000008a200000| PB 0x000000008a200000| Untracked |  0
| 163|0x000000008a300000, 0x000000008a300000, 0x000000008a400000|  0%| F|  |TAMS 0x000000008a300000| PB 0x000000008a300000| Untracked |  0
| 164|0x000000008a400000, 0x000000008a400000, 0x000000008a500000|  0%| F|  |TAMS 0x000000008a400000| PB 0x000000008a400000| Untracked |  0
| 165|0x000000008a500000, 0x000000008a500000, 0x000000008a600000|  0%| F|  |TAMS 0x000000008a500000| PB 0x000000008a500000| Untracked |  0
| 166|0x000000008a600000, 0x000000008a67df60, 0x000000008a700000| 49%| E|  |TAMS 0x000000008a600000| PB 0x000000008a600000| Complete |  0
| 167|0x000000008a700000, 0x000000008a800000, 0x000000008a800000|100%| E|CS|TAMS 0x000000008a700000| PB 0x000000008a700000| Complete |  0
| 168|0x000000008a800000, 0x000000008a900000, 0x000000008a900000|100%| E|CS|TAMS 0x000000008a800000| PB 0x000000008a800000| Complete |  0
| 169|0x000000008a900000, 0x000000008aa00000, 0x000000008aa00000|100%| E|CS|TAMS 0x000000008a900000| PB 0x000000008a900000| Complete |  0
| 170|0x000000008aa00000, 0x000000008ab00000, 0x000000008ab00000|100%| E|CS|TAMS 0x000000008aa00000| PB 0x000000008aa00000| Complete |  0
| 171|0x000000008ab00000, 0x000000008ac00000, 0x000000008ac00000|100%| E|CS|TAMS 0x000000008ab00000| PB 0x000000008ab00000| Complete |  0
| 172|0x000000008ac00000, 0x000000008ad00000, 0x000000008ad00000|100%| E|CS|TAMS 0x000000008ac00000| PB 0x000000008ac00000| Complete |  0
| 173|0x000000008ad00000, 0x000000008ae00000, 0x000000008ae00000|100%| E|CS|TAMS 0x000000008ad00000| PB 0x000000008ad00000| Complete |  0
| 174|0x000000008ae00000, 0x000000008af00000, 0x000000008af00000|100%| E|CS|TAMS 0x000000008ae00000| PB 0x000000008ae00000| Complete |  0
| 175|0x000000008af00000, 0x000000008b000000, 0x000000008b000000|100%| E|CS|TAMS 0x000000008af00000| PB 0x000000008af00000| Complete |  0
| 176|0x000000008b000000, 0x000000008b100000, 0x000000008b100000|100%| E|CS|TAMS 0x000000008b000000| PB 0x000000008b000000| Complete |  0
| 177|0x000000008b100000, 0x000000008b200000, 0x000000008b200000|100%| E|CS|TAMS 0x000000008b100000| PB 0x000000008b100000| Complete |  0
| 178|0x000000008b200000, 0x000000008b300000, 0x000000008b300000|100%| E|CS|TAMS 0x000000008b200000| PB 0x000000008b200000| Complete |  0
| 179|0x000000008b300000, 0x000000008b400000, 0x000000008b400000|100%| E|CS|TAMS 0x000000008b300000| PB 0x000000008b300000| Complete |  0
| 180|0x000000008b400000, 0x000000008b500000, 0x000000008b500000|100%| E|CS|TAMS 0x000000008b400000| PB 0x000000008b400000| Complete |  0
| 181|0x000000008b500000, 0x000000008b600000, 0x000000008b600000|100%| E|CS|TAMS 0x000000008b500000| PB 0x000000008b500000| Complete |  0
| 182|0x000000008b600000, 0x000000008b700000, 0x000000008b700000|100%| E|CS|TAMS 0x000000008b600000| PB 0x000000008b600000| Complete |  0
| 183|0x000000008b700000, 0x000000008b800000, 0x000000008b800000|100%| E|CS|TAMS 0x000000008b700000| PB 0x000000008b700000| Complete |  0
| 184|0x000000008b800000, 0x000000008b900000, 0x000000008b900000|100%| E|CS|TAMS 0x000000008b800000| PB 0x000000008b800000| Complete |  0
| 185|0x000000008b900000, 0x000000008ba00000, 0x000000008ba00000|100%| E|CS|TAMS 0x000000008b900000| PB 0x000000008b900000| Complete |  0
| 186|0x000000008ba00000, 0x000000008bb00000, 0x000000008bb00000|100%| E|CS|TAMS 0x000000008ba00000| PB 0x000000008ba00000| Complete |  0
| 187|0x000000008bb00000, 0x000000008bc00000, 0x000000008bc00000|100%| E|CS|TAMS 0x000000008bb00000| PB 0x000000008bb00000| Complete |  0
| 188|0x000000008bc00000, 0x000000008bd00000, 0x000000008bd00000|100%| E|CS|TAMS 0x000000008bc00000| PB 0x000000008bc00000| Complete |  0
| 189|0x000000008bd00000, 0x000000008be00000, 0x000000008be00000|100%| E|CS|TAMS 0x000000008bd00000| PB 0x000000008bd00000| Complete |  0
| 190|0x000000008be00000, 0x000000008bf00000, 0x000000008bf00000|100%| E|CS|TAMS 0x000000008be00000| PB 0x000000008be00000| Complete |  0
| 191|0x000000008bf00000, 0x000000008c000000, 0x000000008c000000|100%| E|CS|TAMS 0x000000008bf00000| PB 0x000000008bf00000| Complete |  0
| 192|0x000000008c000000, 0x000000008c100000, 0x000000008c100000|100%| S|CS|TAMS 0x000000008c000000| PB 0x000000008c000000| Complete |  0
| 193|0x000000008c100000, 0x000000008c200000, 0x000000008c200000|100%| S|CS|TAMS 0x000000008c100000| PB 0x000000008c100000| Complete |  0
| 194|0x000000008c200000, 0x000000008c300000, 0x000000008c300000|100%| S|CS|TAMS 0x000000008c200000| PB 0x000000008c200000| Complete |  0
| 195|0x000000008c300000, 0x000000008c400000, 0x000000008c400000|100%| S|CS|TAMS 0x000000008c300000| PB 0x000000008c300000| Complete |  0
| 196|0x000000008c400000, 0x000000008c500000, 0x000000008c500000|100%| S|CS|TAMS 0x000000008c400000| PB 0x000000008c400000| Complete |  0
| 197|0x000000008c500000, 0x000000008c600000, 0x000000008c600000|100%| S|CS|TAMS 0x000000008c500000| PB 0x000000008c500000| Complete |  0
| 198|0x000000008c600000, 0x000000008c700000, 0x000000008c700000|100%| E|CS|TAMS 0x000000008c600000| PB 0x000000008c600000| Complete |  0
| 199|0x000000008c700000, 0x000000008c800000, 0x000000008c800000|100%| E|CS|TAMS 0x000000008c700000| PB 0x000000008c700000| Complete |  0
| 200|0x000000008c800000, 0x000000008c900000, 0x000000008c900000|100%| E|CS|TAMS 0x000000008c800000| PB 0x000000008c800000| Complete |  0
| 201|0x000000008c900000, 0x000000008ca00000, 0x000000008ca00000|100%| E|CS|TAMS 0x000000008c900000| PB 0x000000008c900000| Complete |  0
| 202|0x000000008ca00000, 0x000000008cb00000, 0x000000008cb00000|100%| E|CS|TAMS 0x000000008ca00000| PB 0x000000008ca00000| Complete |  0
| 203|0x000000008cb00000, 0x000000008cc00000, 0x000000008cc00000|100%| E|CS|TAMS 0x000000008cb00000| PB 0x000000008cb00000| Complete |  0
| 204|0x000000008cc00000, 0x000000008cd00000, 0x000000008cd00000|100%| E|CS|TAMS 0x000000008cc00000| PB 0x000000008cc00000| Complete |  0
| 205|0x000000008cd00000, 0x000000008ce00000, 0x000000008ce00000|100%| E|CS|TAMS 0x000000008cd00000| PB 0x000000008cd00000| Complete |  0
| 206|0x000000008ce00000, 0x000000008cf00000, 0x000000008cf00000|100%| E|CS|TAMS 0x000000008ce00000| PB 0x000000008ce00000| Complete |  0
| 207|0x000000008cf00000, 0x000000008d000000, 0x000000008d000000|100%| E|CS|TAMS 0x000000008cf00000| PB 0x000000008cf00000| Complete |  0
| 208|0x000000008d000000, 0x000000008d100000, 0x000000008d100000|100%| E|CS|TAMS 0x000000008d000000| PB 0x000000008d000000| Complete |  0
| 209|0x000000008d100000, 0x000000008d200000, 0x000000008d200000|100%| E|CS|TAMS 0x000000008d100000| PB 0x000000008d100000| Complete |  0
| 210|0x000000008d200000, 0x000000008d300000, 0x000000008d300000|100%| E|CS|TAMS 0x000000008d200000| PB 0x000000008d200000| Complete |  0
| 211|0x000000008d300000, 0x000000008d400000, 0x000000008d400000|100%| E|CS|TAMS 0x000000008d300000| PB 0x000000008d300000| Complete |  0
| 212|0x000000008d400000, 0x000000008d500000, 0x000000008d500000|100%| E|CS|TAMS 0x000000008d400000| PB 0x000000008d400000| Complete |  0
| 213|0x000000008d500000, 0x000000008d600000, 0x000000008d600000|100%| E|CS|TAMS 0x000000008d500000| PB 0x000000008d500000| Complete |  0
| 214|0x000000008d600000, 0x000000008d700000, 0x000000008d700000|100%| E|CS|TAMS 0x000000008d600000| PB 0x000000008d600000| Complete |  0
| 215|0x000000008d700000, 0x000000008d800000, 0x000000008d800000|100%| E|CS|TAMS 0x000000008d700000| PB 0x000000008d700000| Complete |  0
| 216|0x000000008d800000, 0x000000008d900000, 0x000000008d900000|100%| E|CS|TAMS 0x000000008d800000| PB 0x000000008d800000| Complete |  0
| 217|0x000000008d900000, 0x000000008da00000, 0x000000008da00000|100%| E|CS|TAMS 0x000000008d900000| PB 0x000000008d900000| Complete |  0
| 218|0x000000008da00000, 0x000000008db00000, 0x000000008db00000|100%| E|CS|TAMS 0x000000008da00000| PB 0x000000008da00000| Complete |  0
| 219|0x000000008db00000, 0x000000008dc00000, 0x000000008dc00000|100%| E|CS|TAMS 0x000000008db00000| PB 0x000000008db00000| Complete |  0
| 220|0x000000008dc00000, 0x000000008dd00000, 0x000000008dd00000|100%| E|CS|TAMS 0x000000008dc00000| PB 0x000000008dc00000| Complete |  0
| 221|0x000000008dd00000, 0x000000008de00000, 0x000000008de00000|100%| E|CS|TAMS 0x000000008dd00000| PB 0x000000008dd00000| Complete |  0
| 222|0x000000008de00000, 0x000000008df00000, 0x000000008df00000|100%| E|CS|TAMS 0x000000008de00000| PB 0x000000008de00000| Complete |  0
| 223|0x000000008df00000, 0x000000008e000000, 0x000000008e000000|100%| E|CS|TAMS 0x000000008df00000| PB 0x000000008df00000| Complete |  0
| 224|0x000000008e000000, 0x000000008e100000, 0x000000008e100000|100%| E|CS|TAMS 0x000000008e000000| PB 0x000000008e000000| Complete |  0
| 225|0x000000008e100000, 0x000000008e200000, 0x000000008e200000|100%| E|  |TAMS 0x000000008e100000| PB 0x000000008e100000| Complete |  0
| 226|0x000000008e200000, 0x000000008e300000, 0x000000008e300000|100%| E|CS|TAMS 0x000000008e200000| PB 0x000000008e200000| Complete |  0
| 227|0x000000008e300000, 0x000000008e400000, 0x000000008e400000|100%| E|CS|TAMS 0x000000008e300000| PB 0x000000008e300000| Complete |  0
| 228|0x000000008e400000, 0x000000008e500000, 0x000000008e500000|100%| E|CS|TAMS 0x000000008e400000| PB 0x000000008e400000| Complete |  0
| 229|0x000000008e500000, 0x000000008e600000, 0x000000008e600000|100%| E|CS|TAMS 0x000000008e500000| PB 0x000000008e500000| Complete |  0
| 230|0x000000008e600000, 0x000000008e700000, 0x000000008e700000|100%| E|CS|TAMS 0x000000008e600000| PB 0x000000008e600000| Complete |  0
| 231|0x000000008e700000, 0x000000008e800000, 0x000000008e800000|100%| E|CS|TAMS 0x000000008e700000| PB 0x000000008e700000| Complete |  0
| 232|0x000000008e800000, 0x000000008e900000, 0x000000008e900000|100%| E|CS|TAMS 0x000000008e800000| PB 0x000000008e800000| Complete |  0
| 233|0x000000008e900000, 0x000000008ea00000, 0x000000008ea00000|100%| E|CS|TAMS 0x000000008e900000| PB 0x000000008e900000| Complete |  0
| 234|0x000000008ea00000, 0x000000008eb00000, 0x000000008eb00000|100%| E|CS|TAMS 0x000000008ea00000| PB 0x000000008ea00000| Complete |  0
| 235|0x000000008eb00000, 0x000000008ec00000, 0x000000008ec00000|100%| E|CS|TAMS 0x000000008eb00000| PB 0x000000008eb00000| Complete |  0
| 236|0x000000008ec00000, 0x000000008ed00000, 0x000000008ed00000|100%| E|CS|TAMS 0x000000008ec00000| PB 0x000000008ec00000| Complete |  0
| 237|0x000000008ed00000, 0x000000008ee00000, 0x000000008ee00000|100%| E|CS|TAMS 0x000000008ed00000| PB 0x000000008ed00000| Complete |  0
| 238|0x000000008ee00000, 0x000000008ef00000, 0x000000008ef00000|100%| E|CS|TAMS 0x000000008ee00000| PB 0x000000008ee00000| Complete |  0
| 239|0x000000008ef00000, 0x000000008f000000, 0x000000008f000000|100%| E|CS|TAMS 0x000000008ef00000| PB 0x000000008ef00000| Complete |  0
| 240|0x000000008f000000, 0x000000008f100000, 0x000000008f100000|100%| E|CS|TAMS 0x000000008f000000| PB 0x000000008f000000| Complete |  0
| 241|0x000000008f100000, 0x000000008f200000, 0x000000008f200000|100%| E|CS|TAMS 0x000000008f100000| PB 0x000000008f100000| Complete |  0
| 242|0x000000008f200000, 0x000000008f300000, 0x000000008f300000|100%| E|CS|TAMS 0x000000008f200000| PB 0x000000008f200000| Complete |  0
| 243|0x000000008f300000, 0x000000008f400000, 0x000000008f400000|100%| E|CS|TAMS 0x000000008f300000| PB 0x000000008f300000| Complete |  0
| 244|0x000000008f400000, 0x000000008f500000, 0x000000008f500000|100%| E|CS|TAMS 0x000000008f400000| PB 0x000000008f400000| Complete |  0
| 245|0x000000008f500000, 0x000000008f600000, 0x000000008f600000|100%| E|CS|TAMS 0x000000008f500000| PB 0x000000008f500000| Complete |  0
| 246|0x000000008f600000, 0x000000008f700000, 0x000000008f700000|100%| E|CS|TAMS 0x000000008f600000| PB 0x000000008f600000| Complete |  0
| 247|0x000000008f700000, 0x000000008f800000, 0x000000008f800000|100%| E|CS|TAMS 0x000000008f700000| PB 0x000000008f700000| Complete |  0
| 248|0x000000008f800000, 0x000000008f900000, 0x000000008f900000|100%| E|CS|TAMS 0x000000008f800000| PB 0x000000008f800000| Complete |  0
| 249|0x000000008f900000, 0x000000008fa00000, 0x000000008fa00000|100%| E|CS|TAMS 0x000000008f900000| PB 0x000000008f900000| Complete |  0
| 250|0x000000008fa00000, 0x000000008fb00000, 0x000000008fb00000|100%| E|CS|TAMS 0x000000008fa00000| PB 0x000000008fa00000| Complete |  0
| 251|0x000000008fb00000, 0x000000008fc00000, 0x000000008fc00000|100%| E|CS|TAMS 0x000000008fb00000| PB 0x000000008fb00000| Complete |  0

Card table byte_map: [0x000001b45be70000,0x000001b45c270000] _byte_map_base: 0x000001b45ba70000

Marking Bits: (CMBitMap*) 0x000001b44192e770
 Bits: [0x000001b45c270000, 0x000001b45e270000)

Polling page: 0x000001b441c50000

Metaspace:

Usage:
  Non-class:     16.60 MB used.
      Class:      2.85 MB used.
       Both:     19.45 MB used.

Virtual space:
  Non-class space:       64.00 MB reserved,      16.94 MB ( 26%) committed,  1 nodes.
      Class space:        1.00 GB reserved,       3.19 MB ( <1%) committed,  1 nodes.
             Both:        1.06 GB reserved,      20.12 MB (  2%) committed. 

Chunk freelists:
   Non-Class:  14.82 MB
       Class:  12.87 MB
        Both:  27.68 MB

MaxMetaspaceSize: unlimited
CompressedClassSpaceSize: 1.00 GB
Initial GC threshold: 21.00 MB
Current GC threshold: 21.00 MB
CDS: on
 - commit_granule_bytes: 65536.
 - commit_granule_words: 8192.
 - virtual_space_node_default_size: 8388608.
 - enlarge_chunks_in_place: 1.
 - use_allocation_guard: 0.


Internal statistics:

num_allocs_failed_limit: 0.
num_arena_births: 956.
num_arena_deaths: 0.
num_vsnodes_births: 2.
num_vsnodes_deaths: 0.
num_space_committed: 322.
num_space_uncommitted: 0.
num_chunks_returned_to_freelist: 0.
num_chunks_taken_from_freelist: 1706.
num_chunk_merges: 0.
num_chunk_splits: 1124.
num_chunks_enlarged: 762.
num_inconsistent_stats: 0.

CodeHeap 'non-profiled nmethods': size=119168Kb used=1632Kb max_used=1632Kb free=117535Kb
 bounds [0x000001b453b70000, 0x000001b453de0000, 0x000001b45afd0000]
CodeHeap 'profiled nmethods': size=119104Kb used=6439Kb max_used=6439Kb free=112665Kb
 bounds [0x000001b44bfd0000, 0x000001b44c620000, 0x000001b453420000]
CodeHeap 'non-nmethods': size=7488Kb used=3217Kb max_used=3267Kb free=4270Kb
 bounds [0x000001b453420000, 0x000001b453760000, 0x000001b453b70000]
 total_blobs=3824 nmethods=3240 adapters=483
 compilation: enabled
              stopped_count=0, restarted_count=0
 full_count=0

Compilation events (20 events):
Event: 2.248 Thread 0x000001b46178ef50 nmethod 3129 0x000001b44c5e0290 code [0x000001b44c5e0520, 0x000001b44c5e16b8]
Event: 2.251 Thread 0x000001b461260860 3130       4       java.lang.invoke.MethodType::genericMethodType (95 bytes)
Event: 2.256 Thread 0x000001b4616f79a0 3132       3       java.lang.System::checkKey (34 bytes)
Event: 2.257 Thread 0x000001b4616f79a0 nmethod 3132 0x000001b44c5e1b10 code [0x000001b44c5e1ce0, 0x000001b44c5e2088]
Event: 2.264 Thread 0x000001b461260860 nmethod 3130 0x000001b453cee490 code [0x000001b453cee660, 0x000001b453ceef28]
Event: 2.264 Thread 0x000001b461260860 3131       4       java.lang.String::equalsIgnoreCase (45 bytes)
Event: 2.265 Thread 0x000001b461260860 nmethod 3131 0x000001b453cef190 code [0x000001b453cef320, 0x000001b453cef450]
Event: 2.280 Thread 0x000001b461260860 3133   !   4       jdk.internal.ref.PhantomCleanable::remove (60 bytes)
Event: 2.283 Thread 0x000001b461260860 nmethod 3133 0x000001b453cef590 code [0x000001b453cef740, 0x000001b453cefca0]
Event: 2.288 Thread 0x000001b46194fdb0 nmethod 3027 0x000001b453cefe10 code [0x000001b453cf07c0, 0x000001b453cf9ef0]
Event: 2.291 Thread 0x000001b46194fdb0 3134       4       java.util.ArrayList::<init> (12 bytes)
Event: 2.292 Thread 0x000001b46194fdb0 nmethod 3134 0x000001b453d02390 code [0x000001b453d02520, 0x000001b453d02678]
Event: 2.296 Thread 0x000001b4616f79a0 3135       3       java.lang.Module::isExported (18 bytes)
Event: 2.296 Thread 0x000001b4616d2af0 3136       3       jdk.internal.org.objectweb.asm.SymbolTable::hash (12 bytes)
Event: 2.297 Thread 0x000001b4616d2af0 nmethod 3136 0x000001b44c5e2210 code [0x000001b44c5e23c0, 0x000001b44c5e24f8]
Event: 2.297 Thread 0x000001b4616f79a0 nmethod 3135 0x000001b44c5e2610 code [0x000001b44c5e2800, 0x000001b44c5e2bf8]
Event: 2.305 Thread 0x000001b4616f79a0 3137       3       java.lang.Class::copyConstructors (38 bytes)
Event: 2.305 Thread 0x000001b4616f79a0 nmethod 3137 0x000001b44c5e2d90 code [0x000001b44c5e3000, 0x000001b44c5e3b50]
Event: 2.310 Thread 0x000001b461261670 3138       3       org.gradle.internal.service.DefaultServiceRegistry::access$2000 (4 bytes)
Event: 2.310 Thread 0x000001b461261670 nmethod 3138 0x000001b44c5e4010 code [0x000001b44c5e41a0, 0x000001b44c5e4298]

GC Heap History (6 events):
Event: 0.259 GC heap before
{Heap before GC invocations=0 (full 0):
 garbage-first heap   total reserved 2097152K, committed 258048K, used 23552K [0x0000000080000000, 0x0000000100000000)
  region size 1024K, 24 young (24576K), 0 survivors (0K)
 Metaspace       used 1067K, committed 1216K, reserved 1114112K
  class space    used 77K, committed 128K, reserved 1048576K
}
Event: 0.261 GC heap after
{Heap after GC invocations=1 (full 0):
 garbage-first heap   total reserved 2097152K, committed 258048K, used 3312K [0x0000000080000000, 0x0000000100000000)
  region size 1024K, 3 young (3072K), 3 survivors (3072K)
 Metaspace       used 1067K, committed 1216K, reserved 1114112K
  class space    used 77K, committed 128K, reserved 1048576K
}
Event: 0.662 GC heap before
{Heap before GC invocations=1 (full 0):
 garbage-first heap   total reserved 2097152K, committed 258048K, used 41200K [0x0000000080000000, 0x0000000100000000)
  region size 1024K, 38 young (38912K), 3 survivors (3072K)
 Metaspace       used 4368K, committed 4544K, reserved 1114112K
  class space    used 539K, committed 640K, reserved 1048576K
}
Event: 0.667 GC heap after
{Heap after GC invocations=2 (full 0):
 garbage-first heap   total reserved 2097152K, committed 258048K, used 11401K [0x0000000080000000, 0x0000000100000000)
  region size 1024K, 5 young (5120K), 5 survivors (5120K)
 Metaspace       used 4368K, committed 4544K, reserved 1114112K
  class space    used 539K, committed 640K, reserved 1048576K
}
Event: 1.074 GC heap before
{Heap before GC invocations=2 (full 0):
 garbage-first heap   total reserved 2097152K, committed 258048K, used 63625K [0x0000000080000000, 0x0000000100000000)
  region size 1024K, 54 young (55296K), 5 survivors (5120K)
 Metaspace       used 6243K, committed 6464K, reserved 1114112K
  class space    used 814K, committed 896K, reserved 1048576K
}
Event: 1.080 GC heap after
{Heap after GC invocations=3 (full 0):
 garbage-first heap   total reserved 2097152K, committed 258048K, used 18347K [0x0000000080000000, 0x0000000100000000)
  region size 1024K, 6 young (6144K), 6 survivors (6144K)
 Metaspace       used 6243K, committed 6464K, reserved 1114112K
  class space    used 814K, committed 896K, reserved 1048576K
}

Dll operation events (15 events):
Event: 0.007 Loaded shared library C:\Program Files\Java\jdk-22\bin\java.dll
Event: 0.028 Loaded shared library C:\Program Files\Java\jdk-22\bin\jsvml.dll
Event: 0.055 Loaded shared library C:\Program Files\Java\jdk-22\bin\zip.dll
Event: 0.058 Loaded shared library C:\Program Files\Java\jdk-22\bin\instrument.dll
Event: 0.060 Loaded shared library C:\Program Files\Java\jdk-22\bin\net.dll
Event: 0.061 Loaded shared library C:\Program Files\Java\jdk-22\bin\nio.dll
Event: 0.063 Loaded shared library C:\Program Files\Java\jdk-22\bin\zip.dll
Event: 0.220 Loaded shared library C:\Program Files\Java\jdk-22\bin\jimage.dll
Event: 0.297 Loaded shared library C:\Program Files\Java\jdk-22\bin\verify.dll
Event: 0.388 Loaded shared library C:\Users\aleksandr\.gradle\native\c067742578af261105cb4f569cf0c3c89f3d7b1fecec35dd04571415982c5e48\windows-amd64\native-platform.dll
Event: 0.391 Loaded shared library C:\Users\aleksandr\.gradle\native\100fb08df4bc3b14c8652ba06237920a3bd2aa13389f12d3474272988ae205f9\windows-amd64\native-platform-file-events.dll
Event: 1.071 Loaded shared library C:\Program Files\Java\jdk-22\bin\management.dll
Event: 1.073 Loaded shared library C:\Program Files\Java\jdk-22\bin\management_ext.dll
Event: 1.222 Loaded shared library C:\Program Files\Java\jdk-22\bin\extnet.dll
Event: 1.370 Loaded shared library C:\Program Files\Java\jdk-22\bin\sunmscapi.dll

Deoptimization events (20 events):
Event: 2.042 Thread 0x000001b4a894fe50 DEOPT PACKING pc=0x000001b453c5fe40 sp=0x000000160f5fbcd0
Event: 2.042 Thread 0x000001b4a894fe50 DEOPT UNPACKING pc=0x000001b4534746a2 sp=0x000000160f5fbc40 mode 2
Event: 2.056 Thread 0x000001b4a894fe50 DEOPT PACKING pc=0x000001b44c5ae492 sp=0x000000160f5fc220
Event: 2.056 Thread 0x000001b4a894fe50 DEOPT UNPACKING pc=0x000001b453474e42 sp=0x000000160f5fb730 mode 0
Event: 2.070 Thread 0x000001b4a894fe50 DEOPT PACKING pc=0x000001b44c5ae492 sp=0x000000160f5f96a0
Event: 2.070 Thread 0x000001b4a894fe50 DEOPT UNPACKING pc=0x000001b453474e42 sp=0x000000160f5f8bb0 mode 0
Event: 2.293 Thread 0x000001b4a894fe50 DEOPT PACKING pc=0x000001b44c5ae471 sp=0x000000160f5fc5a0
Event: 2.293 Thread 0x000001b4a894fe50 DEOPT UNPACKING pc=0x000001b453474e42 sp=0x000000160f5fbab0 mode 0
Event: 2.321 Thread 0x000001b4a894fe50 Uncommon trap: trap_request=0xffffff45 fr.pc=0x000001b453cb8088 relative=0x00000000000000e8
Event: 2.321 Thread 0x000001b4a894fe50 Uncommon trap: reason=unstable_if action=reinterpret pc=0x000001b453cb8088 method=java.util.Arrays.equals([Ljava/lang/Object;[Ljava/lang/Object;)Z @ 44 c2
Event: 2.321 Thread 0x000001b4a894fe50 DEOPT PACKING pc=0x000001b453cb8088 sp=0x000000160f5fb890
Event: 2.321 Thread 0x000001b4a894fe50 DEOPT UNPACKING pc=0x000001b4534746a2 sp=0x000000160f5fb830 mode 2
Event: 2.321 Thread 0x000001b4a894fe50 Uncommon trap: trap_request=0xffffff45 fr.pc=0x000001b453ced210 relative=0x00000000000002b0
Event: 2.321 Thread 0x000001b4a894fe50 Uncommon trap: reason=unstable_if action=reinterpret pc=0x000001b453ced210 method=java.util.HashMap.getNode(Ljava/lang/Object;)Ljava/util/HashMap$Node; @ 131 c2
Event: 2.321 Thread 0x000001b4a894fe50 DEOPT PACKING pc=0x000001b453ced210 sp=0x000000160f5fb950
Event: 2.321 Thread 0x000001b4a894fe50 DEOPT UNPACKING pc=0x000001b4534746a2 sp=0x000000160f5fb8c0 mode 2
Event: 2.321 Thread 0x000001b4a894fe50 Uncommon trap: trap_request=0xffffff45 fr.pc=0x000001b453cd0604 relative=0x0000000000000764
Event: 2.321 Thread 0x000001b4a894fe50 Uncommon trap: reason=unstable_if action=reinterpret pc=0x000001b453cd0604 method=java.util.HashMap.putVal(ILjava/lang/Object;Ljava/lang/Object;ZZ)Ljava/lang/Object; @ 206 c2
Event: 2.321 Thread 0x000001b4a894fe50 DEOPT PACKING pc=0x000001b453cd0604 sp=0x000000160f5fb8c0
Event: 2.321 Thread 0x000001b4a894fe50 DEOPT UNPACKING pc=0x000001b4534746a2 sp=0x000000160f5fb848 mode 2

Classes loaded (20 events):
Event: 2.078 Loading class java/io/ObjectInputStream
Event: 2.078 Loading class java/io/ObjectInput
Event: 2.078 Loading class java/io/ObjectInput done
Event: 2.078 Loading class java/io/ObjectInputStream done
Event: 2.110 Loading class java/lang/management/MemoryType
Event: 2.111 Loading class java/lang/management/MemoryType done
Event: 2.112 Loading class java/lang/management/MemoryUsage
Event: 2.112 Loading class java/lang/management/MemoryUsage done
Event: 2.112 Loading class java/util/concurrent/LinkedBlockingDeque$Node
Event: 2.112 Loading class java/util/concurrent/LinkedBlockingDeque$Node done
Event: 2.269 Loading class javax/xml/parsers/ParserConfigurationException
Event: 2.270 Loading class javax/xml/parsers/ParserConfigurationException done
Event: 2.270 Loading class org/xml/sax/SAXException
Event: 2.270 Loading class org/xml/sax/SAXException done
Event: 2.270 Loading class javax/xml/xpath/XPathExpressionException
Event: 2.270 Loading class javax/xml/xpath/XPathException
Event: 2.270 Loading class javax/xml/xpath/XPathException done
Event: 2.270 Loading class javax/xml/xpath/XPathExpressionException done
Event: 2.270 Loading class org/xml/sax/ErrorHandler
Event: 2.270 Loading class org/xml/sax/ErrorHandler done

Classes unloaded (0 events):
No events

Classes redefined (0 events):
No events

Internal exceptions (20 events):
Event: 1.832 Thread 0x000001b4a894fe50 Exception <a 'java/lang/IncompatibleClassChangeError'{0x000000008ce6ab58}: Found class java.lang.Object, but interface was expected> (0x000000008ce6ab58) 
thrown [s\open\src\hotspot\share\interpreter\linkResolver.cpp, line 841]
Event: 1.851 Thread 0x000001b4a894fe50 Implicit null exception at 0x000001b453b96966 to 0x000001b453b96a0a
Event: 1.871 Thread 0x000001b4a894fe50 Exception <a 'java/lang/NoSuchMethodError'{0x000000008cc5d9d0}: 'int java.lang.invoke.DirectMethodHandle$Holder.invokeStatic(java.lang.Object, java.lang.Object, java.lang.Object, java.lang.Object)'> (0x000000008cc5d9d0) 
thrown [s\open\src\hotspot\share\interpreter\linkResolver.cpp, line 774]
Event: 1.913 Thread 0x000001b4a894fe50 Exception <a 'java/lang/NoSuchMethodError'{0x000000008ca50318}: 'java.lang.Object java.lang.invoke.DelegatingMethodHandle$Holder.reinvoke_L(java.lang.Object, java.lang.Object, java.lang.Object, java.lang.Object, java.lang.Object, java.lang.Object, java.lang.Object, java.lang.Object, java.lang.Object, java.lang.Object, java.lang.Object, java.lang.Object, java.lang.Object, java.lang.Object, java.lang.Object, java.lang.Object, java.lang.Object, java.lang.Object, java.lang.Object, java.lang.Object, java.lang.O
Event: 1.916 Thread 0x000001b4a894fe50 Exception <a 'java/lang/NoSuchMethodError'{0x000000008cabdd50}: 'java.lang.Object java.lang.invoke.DirectMethodHandle$Holder.invokeStatic(java.lang.Object, java.lang.Object, java.lang.Object, java.lang.Object, java.lang.Object, java.lang.Object, java.lang.Object, java.lang.Object, java.lang.Object, java.lang.Object, java.lang.Object, java.lang.Object, java.lang.Object, java.lang.Object, java.lang.Object, java.lang.Object, java.lang.Object)'> (0x000000008cabdd50) 
thrown [s\open\src\hotspot\share\interprete
Event: 1.920 Thread 0x000001b4a894fe50 Exception <a 'java/lang/NoSuchMethodError'{0x000000008cae6ab0}: 'java.lang.Object java.lang.invoke.DirectMethodHandle$Holder.invokeStatic(java.lang.Object, java.lang.Object, java.lang.Object, java.lang.Object, java.lang.Object, java.lang.Object, java.lang.Object, java.lang.Object, java.lang.Object, java.lang.Object, java.lang.Object, java.lang.Object, java.lang.Object, java.lang.Object, java.lang.Object, java.lang.Object, java.lang.Object, java.lang.Object)'> (0x000000008cae6ab0) 
thrown [s\open\src\hotspo
Event: 1.922 Thread 0x000001b4a894fe50 Exception <a 'java/lang/NoSuchMethodError'{0x000000008c910fc0}: 'java.lang.Object java.lang.invoke.DirectMethodHandle$Holder.invokeStatic(java.lang.Object, java.lang.Object, java.lang.Object, java.lang.Object, java.lang.Object, java.lang.Object, java.lang.Object, java.lang.Object, java.lang.Object, java.lang.Object, java.lang.Object, java.lang.Object, java.lang.Object, java.lang.Object, java.lang.Object, java.lang.Object, java.lang.Object, java.lang.Object, java.lang.Object)'> (0x000000008c910fc0) 
thrown 
Event: 1.924 Thread 0x000001b4a894fe50 Exception <a 'java/lang/NoSuchMethodError'{0x000000008c93c480}: 'java.lang.Object java.lang.invoke.DirectMethodHandle$Holder.invokeStatic(java.lang.Object, java.lang.Object, java.lang.Object, java.lang.Object, java.lang.Object, java.lang.Object, java.lang.Object, java.lang.Object, java.lang.Object, java.lang.Object, java.lang.Object, java.lang.Object, java.lang.Object, java.lang.Object, java.lang.Object, java.lang.Object, java.lang.Object, java.lang.Object, java.lang.Object, java.lang.Object)'> (0x00000000
Event: 1.927 Thread 0x000001b4a894fe50 Exception <a 'java/lang/NoSuchMethodError'{0x000000008c968b50}: 'java.lang.Object java.lang.invoke.DirectMethodHandle$Holder.invokeStatic(java.lang.Object, java.lang.Object, java.lang.Object, java.lang.Object, java.lang.Object, java.lang.Object, java.lang.Object, java.lang.Object, java.lang.Object, java.lang.Object, java.lang.Object, java.lang.Object, java.lang.Object, java.lang.Object, java.lang.Object, java.lang.Object, java.lang.Object, java.lang.Object, java.lang.Object, java.lang.Object, java.lang.Obj
Event: 1.930 Thread 0x000001b4a894fe50 Exception <a 'java/lang/NoSuchMethodError'{0x000000008c996548}: 'java.lang.Object java.lang.invoke.DirectMethodHandle$Holder.invokeStatic(java.lang.Object, java.lang.Object, java.lang.Object, java.lang.Object, java.lang.Object, java.lang.Object, java.lang.Object, java.lang.Object, java.lang.Object, java.lang.Object, java.lang.Object, java.lang.Object, java.lang.Object, java.lang.Object, java.lang.Object, java.lang.Object, java.lang.Object, java.lang.Object, java.lang.Object, java.lang.Object, java.lang.Obj
Event: 1.931 Thread 0x000001b4a894fe50 Exception <a 'java/lang/NoSuchMethodError'{0x000000008c9c4810}: 'java.lang.Object java.lang.invoke.DirectMethodHandle$Holder.invokeStatic(java.lang.Object, java.lang.Object, java.lang.Object, java.lang.Object, java.lang.Object, java.lang.Object, java.lang.Object, java.lang.Object, java.lang.Object, java.lang.Object, java.lang.Object, java.lang.Object, java.lang.Object, java.lang.Object, java.lang.Object, java.lang.Object, java.lang.Object, java.lang.Object, java.lang.Object, java.lang.Object, java.lang.Obj
Event: 1.933 Thread 0x000001b4a894fe50 Exception <a 'java/lang/NoSuchMethodError'{0x000000008c9f3a10}: 'java.lang.Object java.lang.invoke.DirectMethodHandle$Holder.invokeStatic(java.lang.Object, java.lang.Object, java.lang.Object, java.lang.Object, java.lang.Object, java.lang.Object, java.lang.Object, java.lang.Object, java.lang.Object, java.lang.Object, java.lang.Object, java.lang.Object, java.lang.Object, java.lang.Object, java.lang.Object, java.lang.Object, java.lang.Object, java.lang.Object, java.lang.Object, java.lang.Object, java.lang.Obj
Event: 1.935 Thread 0x000001b4a894fe50 Exception <a 'java/lang/NoSuchMethodError'{0x000000008c823d48}: 'java.lang.Object java.lang.invoke.DirectMethodHandle$Holder.invokeStatic(java.lang.Object, java.lang.Object, java.lang.Object, java.lang.Object, java.lang.Object, java.lang.Object, java.lang.Object, java.lang.Object, java.lang.Object, java.lang.Object, java.lang.Object, java.lang.Object, java.lang.Object, java.lang.Object, java.lang.Object, java.lang.Object, java.lang.Object, java.lang.Object, java.lang.Object, java.lang.Object, java.lang.Obj
Event: 1.937 Thread 0x000001b4a894fe50 Exception <a 'java/lang/NoSuchMethodError'{0x000000008c855458}: 'java.lang.Object java.lang.invoke.DirectMethodHandle$Holder.invokeStatic(java.lang.Object, java.lang.Object, java.lang.Object, java.lang.Object, java.lang.Object, java.lang.Object, java.lang.Object, java.lang.Object, java.lang.Object, java.lang.Object, java.lang.Object, java.lang.Object, java.lang.Object, java.lang.Object, java.lang.Object, java.lang.Object, java.lang.Object, java.lang.Object, java.lang.Object, java.lang.Object, java.lang.Obj
Event: 2.063 Thread 0x000001b4a894fe50 Exception <a 'java/lang/IncompatibleClassChangeError'{0x000000008b924c28}: Found class java.lang.Object, but interface was expected> (0x000000008b924c28) 
thrown [s\open\src\hotspot\share\interpreter\linkResolver.cpp, line 841]
Event: 2.065 Thread 0x000001b4a894fe50 Exception <a 'java/lang/NoSuchMethodError'{0x000000008b951270}: 'java.lang.Object java.lang.invoke.DirectMethodHandle$Holder.newInvokeSpecial(java.lang.Object, java.lang.Object, java.lang.Object, java.lang.Object, java.lang.Object, java.lang.Object, java.lang.Object, java.lang.Object, java.lang.Object, java.lang.Object)'> (0x000000008b951270) 
thrown [s\open\src\hotspot\share\interpreter\linkResolver.cpp, line 774]
Event: 2.087 Thread 0x000001b4a894fe50 Exception <a 'java/lang/NoSuchMethodError'{0x000000008b878460}: 'java.lang.Object java.lang.invoke.DirectMethodHandle$Holder.newInvokeSpecial(java.lang.Object, java.lang.Object, java.lang.Object, java.lang.Object, java.lang.Object, java.lang.Object, java.lang.Object, java.lang.Object)'> (0x000000008b878460) 
thrown [s\open\src\hotspot\share\interpreter\linkResolver.cpp, line 774]
Event: 2.102 Thread 0x000001b4a894fe50 Exception <a 'java/lang/NoSuchMethodError'{0x000000008b72a098}: 'int java.lang.invoke.DirectMethodHandle$Holder.invokeStaticInit(java.lang.Object, java.lang.Object, java.lang.Object)'> (0x000000008b72a098) 
thrown [s\open\src\hotspot\share\interpreter\linkResolver.cpp, line 774]
Event: 2.188 Thread 0x000001b4a894fe50 Exception <a 'java/lang/NoSuchMethodError'{0x000000008b2eac40}: 'java.lang.Object java.lang.invoke.DirectMethodHandle$Holder.invokeVirtual(java.lang.Object, java.lang.Object, java.lang.Object, java.lang.Object, java.lang.Object, java.lang.Object, java.lang.Object, java.lang.Object, java.lang.Object, java.lang.Object, java.lang.Object, java.lang.Object, java.lang.Object, java.lang.Object, java.lang.Object, java.lang.Object, java.lang.Object, java.lang.Object, java.lang.Object, java.lang.Object, java.lang.Ob
Event: 2.191 Thread 0x000001b4a894fe50 Exception <a 'java/lang/NoSuchMethodError'{0x000000008b15e058}: 'java.lang.Object java.lang.invoke.DirectMethodHandle$Holder.invokeSpecial(java.lang.Object, java.lang.Object, java.lang.Object, java.lang.Object, java.lang.Object, java.lang.Object, java.lang.Object, java.lang.Object, java.lang.Object, java.lang.Object, java.lang.Object, java.lang.Object, java.lang.Object, java.lang.Object, java.lang.Object, java.lang.Object, java.lang.Object, java.lang.Object, java.lang.Object, java.lang.Object, java.lang.Ob

ZGC Phase Switch (0 events):
No events

VM Operations (20 events):
Event: 1.137 Executing VM operation: HandshakeAllThreads (Deoptimize)
Event: 1.137 Executing VM operation: HandshakeAllThreads (Deoptimize) done
Event: 1.154 Executing VM operation: HandshakeAllThreads (Deoptimize)
Event: 1.154 Executing VM operation: HandshakeAllThreads (Deoptimize) done
Event: 1.171 Executing VM operation: HandshakeAllThreads (Deoptimize)
Event: 1.171 Executing VM operation: HandshakeAllThreads (Deoptimize) done
Event: 1.197 Executing VM operation: HandshakeAllThreads (Deoptimize)
Event: 1.197 Executing VM operation: HandshakeAllThreads (Deoptimize) done
Event: 1.339 Executing VM operation: HandshakeAllThreads (Deoptimize)
Event: 1.339 Executing VM operation: HandshakeAllThreads (Deoptimize) done
Event: 1.438 Executing VM operation: ICBufferFull
Event: 1.438 Executing VM operation: ICBufferFull done
Event: 1.747 Executing VM operation: HandshakeAllThreads (Deoptimize)
Event: 1.747 Executing VM operation: HandshakeAllThreads (Deoptimize) done
Event: 1.942 Executing VM operation: HandshakeAllThreads (Deoptimize)
Event: 1.942 Executing VM operation: HandshakeAllThreads (Deoptimize) done
Event: 1.942 Executing VM operation: HandshakeAllThreads (Deoptimize)
Event: 1.942 Executing VM operation: HandshakeAllThreads (Deoptimize) done
Event: 2.065 Executing VM operation: ICBufferFull
Event: 2.065 Executing VM operation: ICBufferFull done

Events (20 events):
Event: 0.039 Thread 0x000001b46178ac10 Thread added: 0x000001b46178ac10
Event: 0.046 Thread 0x000001b46178ef50 Thread added: 0x000001b46178ef50
Event: 0.048 Thread 0x000001b461791620 Thread added: 0x000001b461791620
Event: 0.074 Thread 0x000001b4618e7210 Thread added: 0x000001b4618e7210
Event: 0.216 Thread 0x000001b46194fdb0 Thread added: 0x000001b46194fdb0
Event: 0.218 Thread 0x000001b4a71a13b0 Thread added: 0x000001b4a71a13b0
Event: 1.101 Thread 0x000001b4a82fa930 Thread added: 0x000001b4a82fa930
Event: 1.260 Thread 0x000001b4a8b29760 Thread added: 0x000001b4a8b29760
Event: 1.314 Thread 0x000001b4a8d1b080 Thread added: 0x000001b4a8d1b080
Event: 1.385 Thread 0x000001b4a8950b70 Thread added: 0x000001b4a8950b70
Event: 1.386 Thread 0x000001b4a8951200 Thread added: 0x000001b4a8951200
Event: 1.413 Thread 0x000001b4a89504e0 Thread added: 0x000001b4a89504e0
Event: 1.419 Thread 0x000001b4a894fe50 Thread added: 0x000001b4a894fe50
Event: 1.429 Thread 0x000001b4a894f7c0 Thread added: 0x000001b4a894f7c0
Event: 1.432 Thread 0x000001b4a894dd80 Thread added: 0x000001b4a894dd80
Event: 1.435 Thread 0x000001b4a894e410 Thread added: 0x000001b4a894e410
Event: 1.747 Thread 0x000001b4a901c000 Thread added: 0x000001b4a901c000
Event: 1.753 Thread 0x000001b4a9017e60 Thread added: 0x000001b4a9017e60
Event: 1.776 Thread 0x000001b4a9016420 Thread added: 0x000001b4a9016420
Event: 2.246 Thread 0x000001b4a90177d0 Thread added: 0x000001b4a90177d0


Dynamic libraries:
0x00007ff642940000 - 0x00007ff642950000 	C:\Program Files\Java\jdk-22\bin\java.exe
0x00007ffc67170000 - 0x00007ffc67387000 	C:\WINDOWS\SYSTEM32\ntdll.dll
0x00007ffc64de0000 - 0x00007ffc64ea4000 	C:\WINDOWS\System32\KERNEL32.DLL
0x00007ffc648e0000 - 0x00007ffc64cb3000 	C:\WINDOWS\System32\KERNELBASE.dll
0x00007ffc64cc0000 - 0x00007ffc64dd1000 	C:\WINDOWS\System32\ucrtbase.dll
0x00007ffc553a0000 - 0x00007ffc553b7000 	C:\Program Files\Java\jdk-22\bin\jli.dll
0x00007ffc65800000 - 0x00007ffc658b1000 	C:\WINDOWS\System32\ADVAPI32.dll
0x00007ffc55380000 - 0x00007ffc5539b000 	C:\Program Files\Java\jdk-22\bin\VCRUNTIME140.dll
0x00007ffc66630000 - 0x00007ffc666d7000 	C:\WINDOWS\System32\msvcrt.dll
0x00007ffc65750000 - 0x00007ffc657f8000 	C:\WINDOWS\System32\sechost.dll
0x00007ffc64510000 - 0x00007ffc64538000 	C:\WINDOWS\System32\bcrypt.dll
0x00007ffc663e0000 - 0x00007ffc664f4000 	C:\WINDOWS\System32\RPCRT4.dll
0x00007ffc64eb0000 - 0x00007ffc65061000 	C:\WINDOWS\System32\USER32.dll
0x00007ffc58000000 - 0x00007ffc58298000 	C:\WINDOWS\WinSxS\amd64_microsoft.windows.common-controls_6595b64144ccf1df_6.0.22621.5124_none_270e8f4f7386d69d\COMCTL32.dll
0x00007ffc644e0000 - 0x00007ffc64506000 	C:\WINDOWS\System32\win32u.dll
0x00007ffc663b0000 - 0x00007ffc663d9000 	C:\WINDOWS\System32\GDI32.dll
0x00007ffc64540000 - 0x00007ffc6465b000 	C:\WINDOWS\System32\gdi32full.dll
0x00007ffc64440000 - 0x00007ffc644da000 	C:\WINDOWS\System32\msvcp_win.dll
0x00007ffc55830000 - 0x00007ffc5583a000 	C:\WINDOWS\SYSTEM32\VERSION.dll
0x00007ffc65710000 - 0x00007ffc65741000 	C:\WINDOWS\System32\IMM32.DLL
0x00007ffc56cb0000 - 0x00007ffc56cbc000 	C:\Program Files\Java\jdk-22\bin\vcruntime140_1.dll
0x00007ffc35f00000 - 0x00007ffc35f8e000 	C:\Program Files\Java\jdk-22\bin\msvcp140.dll
0x00007ffb99c40000 - 0x00007ffb9a988000 	C:\Program Files\Java\jdk-22\bin\server\jvm.dll
0x00007ffc658c0000 - 0x00007ffc65931000 	C:\WINDOWS\System32\WS2_32.dll
0x00007ffc630a0000 - 0x00007ffc630ed000 	C:\WINDOWS\SYSTEM32\POWRPROF.dll
0x00007ffc551c0000 - 0x00007ffc551f4000 	C:\WINDOWS\SYSTEM32\WINMM.dll
0x00007ffc63070000 - 0x00007ffc63083000 	C:\WINDOWS\SYSTEM32\UMPDC.dll
0x00007ffc63340000 - 0x00007ffc63358000 	C:\WINDOWS\SYSTEM32\kernel.appcore.dll
0x00007ffc55560000 - 0x00007ffc5556a000 	C:\Program Files\Java\jdk-22\bin\jimage.dll
0x00007ffc61970000 - 0x00007ffc61ba2000 	C:\WINDOWS\SYSTEM32\DBGHELP.DLL
0x00007ffc66010000 - 0x00007ffc663a2000 	C:\WINDOWS\System32\combase.dll
0x00007ffc65ee0000 - 0x00007ffc65fb7000 	C:\WINDOWS\System32\OLEAUT32.dll
0x00007ffc56c60000 - 0x00007ffc56c92000 	C:\WINDOWS\SYSTEM32\dbgcore.DLL
0x00007ffc64250000 - 0x00007ffc642cb000 	C:\WINDOWS\System32\bcryptPrimitives.dll
0x00007ffc55330000 - 0x00007ffc5533f000 	C:\Program Files\Java\jdk-22\bin\instrument.dll
0x00007ffc55360000 - 0x00007ffc5537e000 	C:\Program Files\Java\jdk-22\bin\java.dll
0x00007ffc66750000 - 0x00007ffc66fe6000 	C:\WINDOWS\System32\SHELL32.dll
0x00007ffc647a0000 - 0x00007ffc648df000 	C:\WINDOWS\System32\wintypes.dll
0x00007ffc65560000 - 0x00007ffc65701000 	C:\WINDOWS\System32\ole32.dll
0x00007ffc62130000 - 0x00007ffc62a4a000 	C:\WINDOWS\SYSTEM32\windows.storage.dll
0x00007ffc65940000 - 0x00007ffc65a4a000 	C:\WINDOWS\System32\SHCORE.dll
0x00007ffc67090000 - 0x00007ffc670f3000 	C:\WINDOWS\System32\shlwapi.dll
0x00007ffc64180000 - 0x00007ffc641ab000 	C:\WINDOWS\SYSTEM32\profapi.dll
0x00007ffc35e20000 - 0x00007ffc35ef7000 	C:\Program Files\Java\jdk-22\bin\jsvml.dll
0x00007ffc552f0000 - 0x00007ffc55307000 	C:\Program Files\Java\jdk-22\bin\zip.dll
0x00007ffc55450000 - 0x00007ffc55460000 	C:\Program Files\Java\jdk-22\bin\net.dll
0x00007ffc637d0000 - 0x00007ffc6383a000 	C:\WINDOWS\system32\mswsock.dll
0x00007ffc55340000 - 0x00007ffc55356000 	C:\Program Files\Java\jdk-22\bin\nio.dll
0x00007ffc542d0000 - 0x00007ffc542e0000 	C:\Program Files\Java\jdk-22\bin\verify.dll
0x00007ffc0d8a0000 - 0x00007ffc0d8c7000 	C:\Users\aleksandr\.gradle\native\c067742578af261105cb4f569cf0c3c89f3d7b1fecec35dd04571415982c5e48\windows-amd64\native-platform.dll
0x00007ffc53cd0000 - 0x00007ffc53e14000 	C:\Users\aleksandr\.gradle\native\100fb08df4bc3b14c8652ba06237920a3bd2aa13389f12d3474272988ae205f9\windows-amd64\native-platform-file-events.dll
0x00007ffc54120000 - 0x00007ffc5412a000 	C:\Program Files\Java\jdk-22\bin\management.dll
0x00007ffc54110000 - 0x00007ffc5411b000 	C:\Program Files\Java\jdk-22\bin\management_ext.dll
0x00007ffc65550000 - 0x00007ffc65558000 	C:\WINDOWS\System32\PSAPI.DLL
0x00007ffc63a50000 - 0x00007ffc63a6b000 	C:\WINDOWS\SYSTEM32\CRYPTSP.dll
0x00007ffc632a0000 - 0x00007ffc632d7000 	C:\WINDOWS\system32\rsaenh.dll
0x00007ffc638c0000 - 0x00007ffc638e8000 	C:\WINDOWS\SYSTEM32\USERENV.dll
0x00007ffc63a40000 - 0x00007ffc63a4c000 	C:\WINDOWS\SYSTEM32\CRYPTBASE.dll
0x00007ffc62ca0000 - 0x00007ffc62ccd000 	C:\WINDOWS\SYSTEM32\IPHLPAPI.DLL
0x00007ffc65c80000 - 0x00007ffc65c89000 	C:\WINDOWS\System32\NSI.dll
0x00007ffc540f0000 - 0x00007ffc540f9000 	C:\Program Files\Java\jdk-22\bin\extnet.dll
0x00007ffc54100000 - 0x00007ffc5410e000 	C:\Program Files\Java\jdk-22\bin\sunmscapi.dll
0x00007ffc642d0000 - 0x00007ffc64437000 	C:\WINDOWS\System32\CRYPT32.dll
0x00007ffc63c00000 - 0x00007ffc63c2d000 	C:\WINDOWS\SYSTEM32\ncrypt.dll
0x00007ffc63bc0000 - 0x00007ffc63bf7000 	C:\WINDOWS\SYSTEM32\NTASN1.dll
0x00007ffc2d6e0000 - 0x00007ffc2d6e8000 	C:\WINDOWS\system32\wshunix.dll

dbghelp: loaded successfully - version: 4.0.5 - missing functions: none
symbol engine: initialized successfully - sym options: 0x614 - pdb path: .;C:\Program Files\Java\jdk-22\bin;C:\WINDOWS\SYSTEM32;C:\WINDOWS\WinSxS\amd64_microsoft.windows.common-controls_6595b64144ccf1df_6.0.22621.5124_none_270e8f4f7386d69d;C:\Program Files\Java\jdk-22\bin\server;C:\Users\aleksandr\.gradle\native\c067742578af261105cb4f569cf0c3c89f3d7b1fecec35dd04571415982c5e48\windows-amd64;C:\Users\aleksandr\.gradle\native\100fb08df4bc3b14c8652ba06237920a3bd2aa13389f12d3474272988ae205f9\windows-amd64

VM Arguments:
jvm_args: --add-opens=java.base/java.lang=ALL-UNNAMED --add-opens=java.base/java.lang.invoke=ALL-UNNAMED --add-opens=java.base/java.util=ALL-UNNAMED --add-opens=java.prefs/java.util.prefs=ALL-UNNAMED --add-exports=jdk.compiler/com.sun.tools.javac.api=ALL-UNNAMED --add-exports=jdk.compiler/com.sun.tools.javac.util=ALL-UNNAMED --add-opens=java.base/java.util=ALL-UNNAMED --add-opens=java.prefs/java.util.prefs=ALL-UNNAMED --add-opens=java.base/java.nio.charset=ALL-UNNAMED --add-opens=java.base/java.net=ALL-UNNAMED --add-opens=java.base/java.util.concurrent.atomic=ALL-UNNAMED --add-opens=java.xml/javax.xml.namespace=ALL-UNNAMED -Xmx2048m -Dfile.encoding=UTF-8 -Duser.country=RU -Duser.language=ru -Duser.variant -javaagent:C:\Users\aleksandr\.gradle\wrapper\dists\gradle-8.11.1-bin\bpt9gzteqjrbo1mjrsomdt32c\gradle-8.11.1\lib\agents\gradle-instrumentation-agent-8.11.1.jar 
java_command: org.gradle.launcher.daemon.bootstrap.GradleDaemon 8.11.1
java_class_path (initial): C:\Users\aleksandr\.gradle\wrapper\dists\gradle-8.11.1-bin\bpt9gzteqjrbo1mjrsomdt32c\gradle-8.11.1\lib\gradle-daemon-main-8.11.1.jar
Launcher Type: SUN_STANDARD

[Global flags]
     intx CICompilerCount                          = 12                                        {product} {ergonomic}
     uint ConcGCThreads                            = 4                                         {product} {ergonomic}
     uint G1ConcRefinementThreads                  = 15                                        {product} {ergonomic}
   size_t G1HeapRegionSize                         = 1048576                                   {product} {ergonomic}
   size_t InitialHeapSize                          = 264241152                                 {product} {ergonomic}
   size_t MarkStackSize                            = 4194304                                   {product} {ergonomic}
   size_t MaxHeapSize                              = 2147483648                                {product} {command line}
   size_t MaxNewSize                               = 1287651328                                {product} {ergonomic}
   size_t MinHeapDeltaBytes                        = 1048576                                   {product} {ergonomic}
   size_t MinHeapSize                              = 8388608                                   {product} {ergonomic}
    uintx NonNMethodCodeHeapSize                   = 7602480                                {pd product} {ergonomic}
    uintx NonProfiledCodeHeapSize                  = 122027880                              {pd product} {ergonomic}
    uintx ProfiledCodeHeapSize                     = 122027880                              {pd product} {ergonomic}
    uintx ReservedCodeCacheSize                    = 251658240                              {pd product} {ergonomic}
     bool SegmentedCodeCache                       = true                                      {product} {ergonomic}
   size_t SoftMaxHeapSize                          = 2147483648                             {manageable} {ergonomic}
     bool UseCompressedOops                        = true                           {product lp64_product} {ergonomic}
     bool UseG1GC                                  = true                                      {product} {ergonomic}
     bool UseLargePagesIndividualAllocation        = false                                  {pd product} {ergonomic}

Logging:
Log output configuration:
 #0: stdout all=warning uptime,level,tags foldmultilines=false
 #1: stderr all=off uptime,level,tags foldmultilines=false

Environment Variables:
JAVA_HOME=C:\Program Files\Java\jdk-22
CLASSPATH=C:\Users\aleksandr\AndroidStudioProjects\try2\\gradle\wrapper\gradle-wrapper.jar
PATH=C:\Program Files\Oculus\Support\oculus-runtime;C:\Program Files\Common Files\Oracle\Java\javapath;C:\Program Files (x86)\Common Files\Oracle\Java\javapath;C:\WINDOWS\system32;C:\WINDOWS;C:\WINDOWS\System32\Wbem;C:\WINDOWS\System32\WindowsPowerShell\v1.0\;C:\WINDOWS\System32\OpenSSH\;C:\Program Files\dotnet\;C:\Program Files (x86)\NVIDIA Corporation\PhysX\Common;C:\Program Files\nodejs\;C:\xampp\php;C:\Program Files\MySQL\MySQL Server 8.0\bin;C;C:\ProgramData\chocolatey\bin;C:\Users\aleksandr\Downloads\premake-5.0.0-beta2-windows\premake5.exe;C:\Program Files\Autodesk\FBX\FBX SDK\2020.3.7;C:\Users\aleksandr\Downloads\fbx-conv-master\fbx-conv-master;C:\Program Files\Java\jdk-22\bin;C:\Program Files\apache-ant-1.10.14-bin\apache-ant-1.10.14\bin;C:\Program Files\Java\jre-1.8\bin;C:\Program Files\Java\javafx-sdk-22.0.1\lib;C:\Program Files\Java\jdk1.8.0_202\bin;C:\Program Files\Java\javafx-sdk-11.0.2\lib;C:\Program Files\PuTTY\;C:\Program Files\Git\cmd;C:\Users\aleksandr\Documents\codecode\ffmpeg-7.1-full_build\ffmpeg-7.1-full_build\bin;C:\Users\aleksandr\AppData\Local\Programs\Python\Python310;C:\Users\aleksandr\AppData\Local\Programs\Python\Python310\Scripts;C:\ProgramData\anaconda3\portaudio\include;C:\vcpkg\packages\liblo_x64-windows\include;c:\Users\aleksandr\AppData\Local\Programs\cursor\resources\app\bin;C:\Users\aleksandr\AppData\Local\Programs\Python\Python310\Scripts\;C:\Users\aleksandr\AppData\Local\Programs\Python\Python310\;C:\Users\aleksandr\AppData\Local\Programs\Python\Python311\Scripts\;C:\Users\aleksandr\AppData\Local\Programs\Python\Python311\;C:\Users\aleksandr\AppData\Local\Programs\Python\Python312\Scripts\;C:\Users\aleksandr\AppData\Local\Programs\Python\Python312\;C:\Program Files\MySQL\MySQL Shell 8.0\bin\;C:\Users\aleksandr\AppData\Local\Microsoft\WindowsApps;C:\Users\aleksandr\AppData\Local\Programs\Microsoft VS Code\bin;C:\msys64\mingw64\bin;C:\Users\aleksandr\AppData\Roaming\npm;C:\xampp\php;C:\Program Files\JetBrains\PhpStorm 2023.3.2\bin;;C:\Program Files\JetBrains\IntelliJ IDEA 2023.3.4\bin;;C:\Program Files\Java\jdk-21\bin;C:\Program Files\JetBrains\PyCharm 2024.3\bin;;C:\MinGW\bin;C:\Program Files\JetBrains\CLion 2024.2.2\bin;;C:\Program Files (x86)\Nmap;C:\Users\aleksandr\.dotnet\tools;C:\Users\aleksandr\AppData\Local\Programs\cursor\resources\app\bin;C:\apache-maven-3.9.9-bin\apache-maven-3.9.9\bin;C:\Windsurf\bin;C:\Users\aleksandr\AppData\Local\Android\Sdk\platform-tools;
USERNAME=mefody
OS=Windows_NT
PROCESSOR_IDENTIFIER=Intel64 Family 6 Model 154 Stepping 3, GenuineIntel
TMP=C:\Users\ALEKSA~1\AppData\Local\Temp
TEMP=C:\Users\ALEKSA~1\AppData\Local\Temp




Periodic native trim disabled

---------------  S Y S T E M  ---------------

OS:
 Windows 11 , 64 bit Build 22621 (10.0.22621.5124)
OS uptime: 0 days 2:12 hours
Hyper-V role detected

CPU: total 20 (initial active 20) (10 cores per cpu, 2 threads per core) family 6 model 154 stepping 3 microcode 0x42a, cx8, cmov, fxsr, ht, mmx, 3dnowpref, sse, sse2, sse3, ssse3, sse4.1, sse4.2, popcnt, lzcnt, tsc, tscinvbit, avx, avx2, aes, erms, clmul, bmi1, bmi2, adx, sha, fma, vzeroupper, clflush, clflushopt, clwb, hv, serialize, rdtscp, rdpid, fsrm, f16c, cet_ibt, cet_ss
Processor Information for processor 0
  Max Mhz: 2300, Current Mhz: 2300, Mhz Limit: 2300
Processor Information for processor 1
  Max Mhz: 2300, Current Mhz: 2300, Mhz Limit: 2300
Processor Information for processor 2
  Max Mhz: 2300, Current Mhz: 2300, Mhz Limit: 2300
Processor Information for processor 3
  Max Mhz: 2300, Current Mhz: 2300, Mhz Limit: 2300
Processor Information for processor 4
  Max Mhz: 2300, Current Mhz: 2300, Mhz Limit: 2300
Processor Information for processor 5
  Max Mhz: 2300, Current Mhz: 2300, Mhz Limit: 2300
Processor Information for processor 6
  Max Mhz: 2300, Current Mhz: 2300, Mhz Limit: 2300
Processor Information for processor 7
  Max Mhz: 2300, Current Mhz: 2300, Mhz Limit: 2300
Processor Information for processor 8
  Max Mhz: 2300, Current Mhz: 2300, Mhz Limit: 2300
Processor Information for processor 9
  Max Mhz: 2300, Current Mhz: 2300, Mhz Limit: 2300
Processor Information for processor 10
  Max Mhz: 2300, Current Mhz: 951, Mhz Limit: 2300
Processor Information for processor 11
  Max Mhz: 2300, Current Mhz: 2300, Mhz Limit: 2300
Processor Information for processor 12
  Max Mhz: 2300, Current Mhz: 2029, Mhz Limit: 2300
Processor Information for processor 13
  Max Mhz: 2300, Current Mhz: 2029, Mhz Limit: 2300
Processor Information for processor 14
  Max Mhz: 2300, Current Mhz: 1352, Mhz Limit: 2300
Processor Information for processor 15
  Max Mhz: 2300, Current Mhz: 2029, Mhz Limit: 2300
Processor Information for processor 16
  Max Mhz: 2300, Current Mhz: 2029, Mhz Limit: 2300
Processor Information for processor 17
  Max Mhz: 2300, Current Mhz: 2029, Mhz Limit: 2300
Processor Information for processor 18
  Max Mhz: 2300, Current Mhz: 2029, Mhz Limit: 2300
Processor Information for processor 19
  Max Mhz: 2300, Current Mhz: 2029, Mhz Limit: 2300

Memory: 4k page, system-wide physical 16108M (762M free)
TotalPageFile size 65260M (AvailPageFile size 14M)
current process WorkingSet (physical memory assigned to process): 241M, peak: 241M
current process commit charge ("private bytes"): 457M, peak: 457M

vm_info: Java HotSpot(TM) 64-Bit Server VM (22+36-2370) for windows-amd64 JRE (22+36-2370), built on 2024-02-15T22:15:19Z by "mach5one" with MS VC++ 17.6 (VS2022)

END.
